Flow report for lighten
Fri Mar 30 13:42:09 2018
Quartus II 64-Bit Version 13.0.0 Build 156 04/24/2013 SJ Web Edition


---------------------
; Table of Contents ;
---------------------
  1. Legal Notice
  2. Flow Summary
  3. Flow Settings
  4. Flow Non-Default Global Settings
  5. Flow Elapsed Time
  6. Flow OS Summary
  7. Flow Log
  8. Flow Messages
  9. Flow Suppressed Messages



----------------
; Legal Notice ;
----------------
Copyright (C) 1991-2013 Altera Corporation
Your use of Altera Corporation's design tools, logic functions 
and other software and tools, and its AMPP partner logic 
functions, and any output files from any of the foregoing 
(including device programming or simulation files), and any 
associated documentation or information are expressly subject 
to the terms and conditions of the Altera Program License 
Subscription Agreement, Altera MegaCore Function License 
Agreement, or other applicable license agreement, including, 
without limitation, that your use is for the sole purpose of 
programming logic devices manufactured by Altera and sold by 
Altera or its authorized distributors.  Please refer to the 
applicable agreement for further details.



+------------------------------------------------------------------------+
; Flow Summary                                                           ;
+---------------------------+--------------------------------------------+
; Flow Status               ; Successful - Fri Mar 30 13:42:08 2018      ;
; Quartus II 64-Bit Version ; 13.0.0 Build 156 04/24/2013 SJ Web Edition ;
; Revision Name             ; lighten                                    ;
; Top-level Entity Name     ; lighten                                    ;
; Family                    ; MAX II                                     ;
; Device                    ; EPM240T100C5                               ;
; Timing Models             ; Final                                      ;
; Total logic elements      ; 61 / 240 ( 25 % )                          ;
; Total pins                ; 16 / 80 ( 20 % )                           ;
; Total virtual pins        ; 0                                          ;
; UFM blocks                ; 0 / 1 ( 0 % )                              ;
+---------------------------+--------------------------------------------+


+-----------------------------------------+
; Flow Settings                           ;
+-------------------+---------------------+
; Option            ; Setting             ;
+-------------------+---------------------+
; Start date & time ; 03/30/2018 13:41:59 ;
; Main task         ; Compilation         ;
; Revision Name     ; lighten             ;
+-------------------+---------------------+


+--------------------------------------------------------------------------------------------------------------------+
; Flow Non-Default Global Settings                                                                                   ;
+---------------------------------------+-----------------------------+---------------+-------------+----------------+
; Assignment Name                       ; Value                       ; Default Value ; Entity Name ; Section Id     ;
+---------------------------------------+-----------------------------+---------------+-------------+----------------+
; COMPILER_SIGNATURE_ID                 ; 52240153103.152238851804204 ; --            ; --          ; --             ;
; EDA_OUTPUT_DATA_FORMAT                ; Vhdl                        ; --            ; --          ; eda_simulation ;
; EDA_SIMULATION_TOOL                   ; ModelSim-Altera (VHDL)      ; <None>        ; --          ; --             ;
; MAX_CORE_JUNCTION_TEMP                ; 85                          ; --            ; --          ; --             ;
; MIN_CORE_JUNCTION_TEMP                ; 0                           ; --            ; --          ; --             ;
; POWER_EXT_SUPPLY_VOLTAGE_TO_REGULATOR ; 3.3V                        ; --            ; --          ; --             ;
; PROJECT_OUTPUT_DIRECTORY              ; output_files                ; --            ; --          ; --             ;
+---------------------------------------+-----------------------------+---------------+-------------+----------------+


+-------------------------------------------------------------------------------------------------------------------------------+
; Flow Elapsed Time                                                                                                             ;
+---------------------------+--------------+-------------------------+---------------------+------------------------------------+
; Module Name               ; Elapsed Time ; Average Processors Used ; Peak Virtual Memory ; Total CPU Time (on all processors) ;
+---------------------------+--------------+-------------------------+---------------------+------------------------------------+
; Analysis & Synthesis      ; 00:00:02     ; 1.0                     ; 473 MB              ; 00:00:02                           ;
; Fitter                    ; 00:00:02     ; 1.0                     ; 585 MB              ; 00:00:01                           ;
; Assembler                 ; 00:00:01     ; 1.0                     ; 392 MB              ; 00:00:01                           ;
; TimeQuest Timing Analyzer ; 00:00:01     ; 1.0                     ; 399 MB              ; 00:00:01                           ;
; EDA Netlist Writer        ; 00:00:00     ; 1.0                     ; 368 MB              ; 00:00:01                           ;
; Total                     ; 00:00:06     ; --                      ; --                  ; 00:00:06                           ;
+---------------------------+--------------+-------------------------+---------------------+------------------------------------+


+----------------------------------------------------------------------------------------+
; Flow OS Summary                                                                        ;
+---------------------------+------------------+-----------+------------+----------------+
; Module Name               ; Machine Hostname ; OS Name   ; OS Version ; Processor type ;
+---------------------------+------------------+-----------+------------+----------------+
; Analysis & Synthesis      ; DESKTOP-UP55GVI  ; Windows 7 ; 6.2        ; x86_64         ;
; Fitter                    ; DESKTOP-UP55GVI  ; Windows 7 ; 6.2        ; x86_64         ;
; Assembler                 ; DESKTOP-UP55GVI  ; Windows 7 ; 6.2        ; x86_64         ;
; TimeQuest Timing Analyzer ; DESKTOP-UP55GVI  ; Windows 7 ; 6.2        ; x86_64         ;
; EDA Netlist Writer        ; DESKTOP-UP55GVI  ; Windows 7 ; 6.2        ; x86_64         ;
+---------------------------+------------------+-----------+------------+----------------+


------------
; Flow Log ;
------------
quartus_map --read_settings_files=on --write_settings_files=off lighten -c lighten
quartus_fit --read_settings_files=off --write_settings_files=off lighten -c lighten
quartus_asm --read_settings_files=off --write_settings_files=off lighten -c lighten
quartus_sta lighten -c lighten
quartus_eda --read_settings_files=off --write_settings_files=off lighten -c lighten



