   0  $accept : Program $end

   1  Program : ClassList

   2  ClassList : ClassList ClassDef
   3            | ClassDef

   4  VariableDef : Variable ';'

   5  Variable : Type IDENTIFIER

   6  Type : INT
   7       | VOID
   8       | BOOL
   9       | STRING
  10       | CLASS IDENTIFIER
  11       | Type '[' ']'

  12  ClassDef : CLASS IDENTIFIER ExtendsClause '{' FieldList '}'

  13  ExtendsClause : EXTENDS IDENTIFIER
  14                |

  15  FieldList : FieldList VariableDef
  16            | FieldList FunctionDef
  17            |

  18  Formals : VariableList
  19          |

  20  VariableList : VariableList ',' Variable
  21               | Variable

  22  FunctionDef : STATIC Type IDENTIFIER '(' Formals ')' StmtBlock
  23              | Type IDENTIFIER '(' Formals ')' StmtBlock

  24  StmtBlock : '{' StmtList '}'

  25  StmtList : StmtList Stmt
  26           |

  27  Stmt : VariableDef
  28       | SimpleStmt ';'
  29       | IfStmt
  30       | WhileStmt
  31       | ForStmt
  32       | SwitchStmt
  33       | RepeatStmt ';'
  34       | ReturnStmt ';'
  35       | PrintStmt ';'
  36       | BreakStmt ';'
  37       | ContinueStmt ';'
  38       | StmtBlock

  39  SimpleStmt : LValue '=' Expr
  40             | Call
  41             |

  42  Receiver : Expr '.'
  43           |

  44  LValue : Receiver IDENTIFIER
  45         | Expr '[' Expr ']'

  46  Call : Receiver IDENTIFIER '(' Actuals ')'

  47  Expr : LValue
  48       | Call
  49       | Constant
  50       | Expr '+' Expr
  51       | Expr '-' Expr
  52       | Expr '*' Expr
  53       | Expr '/' Expr
  54       | Expr '%' Expr
  55       | Expr EQUAL Expr
  56       | Expr NOT_EQUAL Expr
  57       | Expr '<' Expr
  58       | Expr '>' Expr
  59       | Expr LESS_EQUAL Expr
  60       | Expr GREATER_EQUAL Expr
  61       | Expr AND Expr
  62       | Expr OR Expr
  63       | '(' Expr ')'
  64       | '-' Expr
  65       | '!' Expr
  66       | READ_INTEGER '(' ')'
  67       | READ_LINE '(' ')'
  68       | THIS
  69       | NEW IDENTIFIER '(' ')'
  70       | NEW Type '[' Expr ']'
  71       | INSTANCEOF '(' Expr ',' IDENTIFIER ')'
  72       | '(' CLASS IDENTIFIER ')' Expr
  73       | Expr '?' Expr ':' Expr
  74       | Expr PCLONE Expr

  75  Constant : LITERAL
  76           | NULL

  77  Actuals : ExprList
  78          |

  79  ExprList : ExprList ',' Expr
  80           | Expr

  81  WhileStmt : WHILE '(' Expr ')' Stmt

  82  ForStmt : FOR '(' SimpleStmt ';' Expr ';' SimpleStmt ')' Stmt

  83  BreakStmt : BREAK

  84  ContinueStmt : CONTINUE

  85  IfStmt : IF '(' Expr ')' Stmt ElseClause

  86  SwitchStmt : SWITCH '(' Expr ')' '{' CaseStmtList DefaultStmt '}'

  87  CaseStmtList : CaseStmtList CaseStmt
  88               |

  89  CaseStmt : CASE Constant ':' StmtList

  90  DefaultStmt : DEFAULT ':' StmtList
  91              |

  92  RepeatStmt : REPEAT StmtList UNTIL '(' Expr ')'

  93  ElseClause : ELSE Stmt
  94             |

  95  ReturnStmt : RETURN Expr
  96             | RETURN

  97  PrintStmt : PRINT '(' ExprList ')'

state 0
	$accept : . Program $end  (0)

	CLASS  shift 1
	.  error

	Program  goto 2
	ClassList  goto 3
	ClassDef  goto 4


state 1
	ClassDef : CLASS . IDENTIFIER ExtendsClause '{' FieldList '}'  (12)

	IDENTIFIER  shift 5
	.  error


state 2
	$accept : Program . $end  (0)

	$end  accept


state 3
	Program : ClassList .  (1)
	ClassList : ClassList . ClassDef  (2)

	CLASS  shift 1
	$end  reduce 1

	ClassDef  goto 6


state 4
	ClassList : ClassDef .  (3)

	.  reduce 3


state 5
	ClassDef : CLASS IDENTIFIER . ExtendsClause '{' FieldList '}'  (12)
	ExtendsClause : .  (14)

	EXTENDS  shift 7
	'{'  reduce 14

	ExtendsClause  goto 8


state 6
	ClassList : ClassList ClassDef .  (2)

	.  reduce 2


state 7
	ExtendsClause : EXTENDS . IDENTIFIER  (13)

	IDENTIFIER  shift 9
	.  error


state 8
	ClassDef : CLASS IDENTIFIER ExtendsClause . '{' FieldList '}'  (12)

	'{'  shift 10
	.  error


state 9
	ExtendsClause : EXTENDS IDENTIFIER .  (13)

	.  reduce 13


state 10
	ClassDef : CLASS IDENTIFIER ExtendsClause '{' . FieldList '}'  (12)
	FieldList : .  (17)

	.  reduce 17

	FieldList  goto 11


state 11
	ClassDef : CLASS IDENTIFIER ExtendsClause '{' FieldList . '}'  (12)
	FieldList : FieldList . VariableDef  (15)
	FieldList : FieldList . FunctionDef  (16)

	VOID  shift 12
	BOOL  shift 13
	INT  shift 14
	STRING  shift 15
	CLASS  shift 16
	STATIC  shift 17
	'}'  shift 18
	.  error

	VariableDef  goto 19
	Variable  goto 20
	Type  goto 21
	FunctionDef  goto 22


state 12
	Type : VOID .  (7)

	.  reduce 7


state 13
	Type : BOOL .  (8)

	.  reduce 8


state 14
	Type : INT .  (6)

	.  reduce 6


state 15
	Type : STRING .  (9)

	.  reduce 9


state 16
	Type : CLASS . IDENTIFIER  (10)

	IDENTIFIER  shift 23
	.  error


state 17
	FunctionDef : STATIC . Type IDENTIFIER '(' Formals ')' StmtBlock  (22)

	VOID  shift 12
	BOOL  shift 13
	INT  shift 14
	STRING  shift 15
	CLASS  shift 16
	.  error

	Type  goto 24


state 18
	ClassDef : CLASS IDENTIFIER ExtendsClause '{' FieldList '}' .  (12)

	.  reduce 12


state 19
	FieldList : FieldList VariableDef .  (15)

	.  reduce 15


state 20
	VariableDef : Variable . ';'  (4)

	';'  shift 25
	.  error


state 21
	Variable : Type . IDENTIFIER  (5)
	Type : Type . '[' ']'  (11)
	FunctionDef : Type . IDENTIFIER '(' Formals ')' StmtBlock  (23)

	IDENTIFIER  shift 26
	'['  shift 27
	.  error


state 22
	FieldList : FieldList FunctionDef .  (16)

	.  reduce 16


state 23
	Type : CLASS IDENTIFIER .  (10)

	.  reduce 10


state 24
	Type : Type . '[' ']'  (11)
	FunctionDef : STATIC Type . IDENTIFIER '(' Formals ')' StmtBlock  (22)

	IDENTIFIER  shift 28
	'['  shift 27
	.  error


state 25
	VariableDef : Variable ';' .  (4)

	.  reduce 4


state 26
	Variable : Type IDENTIFIER .  (5)
	FunctionDef : Type IDENTIFIER . '(' Formals ')' StmtBlock  (23)

	'('  shift 29
	';'  reduce 5


state 27
	Type : Type '[' . ']'  (11)

	']'  shift 30
	.  error


state 28
	FunctionDef : STATIC Type IDENTIFIER . '(' Formals ')' StmtBlock  (22)

	'('  shift 31
	.  error


state 29
	FunctionDef : Type IDENTIFIER '(' . Formals ')' StmtBlock  (23)
	Formals : .  (19)

	VOID  shift 12
	BOOL  shift 13
	INT  shift 14
	STRING  shift 15
	CLASS  shift 16
	')'  reduce 19

	Variable  goto 32
	Type  goto 33
	Formals  goto 34
	VariableList  goto 35


state 30
	Type : Type '[' ']' .  (11)

	.  reduce 11


state 31
	FunctionDef : STATIC Type IDENTIFIER '(' . Formals ')' StmtBlock  (22)
	Formals : .  (19)

	VOID  shift 12
	BOOL  shift 13
	INT  shift 14
	STRING  shift 15
	CLASS  shift 16
	')'  reduce 19

	Variable  goto 32
	Type  goto 33
	Formals  goto 36
	VariableList  goto 35


state 32
	VariableList : Variable .  (21)

	.  reduce 21


state 33
	Variable : Type . IDENTIFIER  (5)
	Type : Type . '[' ']'  (11)

	IDENTIFIER  shift 37
	'['  shift 27
	.  error


state 34
	FunctionDef : Type IDENTIFIER '(' Formals . ')' StmtBlock  (23)

	')'  shift 38
	.  error


state 35
	Formals : VariableList .  (18)
	VariableList : VariableList . ',' Variable  (20)

	','  shift 39
	')'  reduce 18


state 36
	FunctionDef : STATIC Type IDENTIFIER '(' Formals . ')' StmtBlock  (22)

	')'  shift 40
	.  error


state 37
	Variable : Type IDENTIFIER .  (5)

	.  reduce 5


state 38
	FunctionDef : Type IDENTIFIER '(' Formals ')' . StmtBlock  (23)

	'{'  shift 41
	.  error

	StmtBlock  goto 42


state 39
	VariableList : VariableList ',' . Variable  (20)

	VOID  shift 12
	BOOL  shift 13
	INT  shift 14
	STRING  shift 15
	CLASS  shift 16
	.  error

	Variable  goto 43
	Type  goto 33


state 40
	FunctionDef : STATIC Type IDENTIFIER '(' Formals ')' . StmtBlock  (22)

	'{'  shift 41
	.  error

	StmtBlock  goto 44


state 41
	StmtBlock : '{' . StmtList '}'  (24)
	StmtList : .  (26)

	.  reduce 26

	StmtList  goto 45


state 42
	FunctionDef : Type IDENTIFIER '(' Formals ')' StmtBlock .  (23)

	.  reduce 23


state 43
	VariableList : VariableList ',' Variable .  (20)

	.  reduce 20


state 44
	FunctionDef : STATIC Type IDENTIFIER '(' Formals ')' StmtBlock .  (22)

	.  reduce 22


state 45
	StmtBlock : '{' StmtList . '}'  (24)
	StmtList : StmtList . Stmt  (25)
	SimpleStmt : .  (41)
	Receiver : .  (43)

	VOID  shift 12
	BOOL  shift 13
	INT  shift 14
	STRING  shift 15
	CLASS  shift 16
	NULL  shift 46
	THIS  shift 47
	WHILE  shift 48
	FOR  shift 49
	IF  shift 50
	RETURN  shift 51
	BREAK  shift 52
	NEW  shift 53
	PRINT  shift 54
	READ_INTEGER  shift 55
	READ_LINE  shift 56
	LITERAL  shift 57
	INSTANCEOF  shift 58
	SWITCH  shift 59
	REPEAT  shift 60
	CONTINUE  shift 61
	'-'  shift 62
	'!'  shift 63
	'('  shift 64
	'{'  shift 41
	'}'  shift 65
	IDENTIFIER  reduce 43
	';'  reduce 41

	VariableDef  goto 66
	Variable  goto 20
	Type  goto 33
	StmtBlock  goto 67
	Stmt  goto 68
	SimpleStmt  goto 69
	IfStmt  goto 70
	WhileStmt  goto 71
	ForStmt  goto 72
	SwitchStmt  goto 73
	RepeatStmt  goto 74
	ReturnStmt  goto 75
	PrintStmt  goto 76
	BreakStmt  goto 77
	ContinueStmt  goto 78
	LValue  goto 79
	Expr  goto 80
	Call  goto 81
	Receiver  goto 82
	Constant  goto 83


state 46
	Constant : NULL .  (76)

	.  reduce 76


state 47
	Expr : THIS .  (68)

	.  reduce 68


state 48
	WhileStmt : WHILE . '(' Expr ')' Stmt  (81)

	'('  shift 84
	.  error


state 49
	ForStmt : FOR . '(' SimpleStmt ';' Expr ';' SimpleStmt ')' Stmt  (82)

	'('  shift 85
	.  error


state 50
	IfStmt : IF . '(' Expr ')' Stmt ElseClause  (85)

	'('  shift 86
	.  error


state 51
	ReturnStmt : RETURN . Expr  (95)
	ReturnStmt : RETURN .  (96)
	Receiver : .  (43)

	NULL  shift 46
	THIS  shift 47
	NEW  shift 53
	READ_INTEGER  shift 55
	READ_LINE  shift 56
	LITERAL  shift 57
	INSTANCEOF  shift 58
	'-'  shift 62
	'!'  shift 63
	'('  shift 64
	IDENTIFIER  reduce 43
	';'  reduce 96

	LValue  goto 87
	Expr  goto 88
	Call  goto 89
	Receiver  goto 82
	Constant  goto 83


state 52
	BreakStmt : BREAK .  (83)

	.  reduce 83


state 53
	Expr : NEW . IDENTIFIER '(' ')'  (69)
	Expr : NEW . Type '[' Expr ']'  (70)

	VOID  shift 12
	BOOL  shift 13
	INT  shift 14
	STRING  shift 15
	CLASS  shift 16
	IDENTIFIER  shift 90
	.  error

	Type  goto 91


state 54
	PrintStmt : PRINT . '(' ExprList ')'  (97)

	'('  shift 92
	.  error


state 55
	Expr : READ_INTEGER . '(' ')'  (66)

	'('  shift 93
	.  error


state 56
	Expr : READ_LINE . '(' ')'  (67)

	'('  shift 94
	.  error


state 57
	Constant : LITERAL .  (75)

	.  reduce 75


state 58
	Expr : INSTANCEOF . '(' Expr ',' IDENTIFIER ')'  (71)

	'('  shift 95
	.  error


state 59
	SwitchStmt : SWITCH . '(' Expr ')' '{' CaseStmtList DefaultStmt '}'  (86)

	'('  shift 96
	.  error


state 60
	RepeatStmt : REPEAT . StmtList UNTIL '(' Expr ')'  (92)
	StmtList : .  (26)

	.  reduce 26

	StmtList  goto 97


state 61
	ContinueStmt : CONTINUE .  (84)

	.  reduce 84


state 62
	Expr : '-' . Expr  (64)
	Receiver : .  (43)

	NULL  shift 46
	THIS  shift 47
	NEW  shift 53
	READ_INTEGER  shift 55
	READ_LINE  shift 56
	LITERAL  shift 57
	INSTANCEOF  shift 58
	'-'  shift 62
	'!'  shift 63
	'('  shift 64
	IDENTIFIER  reduce 43

	LValue  goto 87
	Expr  goto 98
	Call  goto 89
	Receiver  goto 82
	Constant  goto 83


state 63
	Expr : '!' . Expr  (65)
	Receiver : .  (43)

	NULL  shift 46
	THIS  shift 47
	NEW  shift 53
	READ_INTEGER  shift 55
	READ_LINE  shift 56
	LITERAL  shift 57
	INSTANCEOF  shift 58
	'-'  shift 62
	'!'  shift 63
	'('  shift 64
	IDENTIFIER  reduce 43

	LValue  goto 87
	Expr  goto 99
	Call  goto 89
	Receiver  goto 82
	Constant  goto 83


state 64
	Expr : '(' . Expr ')'  (63)
	Expr : '(' . CLASS IDENTIFIER ')' Expr  (72)
	Receiver : .  (43)

	CLASS  shift 100
	NULL  shift 46
	THIS  shift 47
	NEW  shift 53
	READ_INTEGER  shift 55
	READ_LINE  shift 56
	LITERAL  shift 57
	INSTANCEOF  shift 58
	'-'  shift 62
	'!'  shift 63
	'('  shift 64
	IDENTIFIER  reduce 43

	LValue  goto 87
	Expr  goto 101
	Call  goto 89
	Receiver  goto 82
	Constant  goto 83


state 65
	StmtBlock : '{' StmtList '}' .  (24)

	.  reduce 24


state 66
	Stmt : VariableDef .  (27)

	.  reduce 27


state 67
	Stmt : StmtBlock .  (38)

	.  reduce 38


state 68
	StmtList : StmtList Stmt .  (25)

	.  reduce 25


state 69
	Stmt : SimpleStmt . ';'  (28)

	';'  shift 102
	.  error


state 70
	Stmt : IfStmt .  (29)

	.  reduce 29


state 71
	Stmt : WhileStmt .  (30)

	.  reduce 30


state 72
	Stmt : ForStmt .  (31)

	.  reduce 31


state 73
	Stmt : SwitchStmt .  (32)

	.  reduce 32


state 74
	Stmt : RepeatStmt . ';'  (33)

	';'  shift 103
	.  error


state 75
	Stmt : ReturnStmt . ';'  (34)

	';'  shift 104
	.  error


state 76
	Stmt : PrintStmt . ';'  (35)

	';'  shift 105
	.  error


state 77
	Stmt : BreakStmt . ';'  (36)

	';'  shift 106
	.  error


state 78
	Stmt : ContinueStmt . ';'  (37)

	';'  shift 107
	.  error


state 79
	SimpleStmt : LValue . '=' Expr  (39)
	Expr : LValue .  (47)

	'='  shift 108
	AND  reduce 47
	OR  reduce 47
	LESS_EQUAL  reduce 47
	GREATER_EQUAL  reduce 47
	EQUAL  reduce 47
	NOT_EQUAL  reduce 47
	'+'  reduce 47
	'-'  reduce 47
	'*'  reduce 47
	'/'  reduce 47
	'%'  reduce 47
	'>'  reduce 47
	'<'  reduce 47
	'.'  reduce 47
	'['  reduce 47
	'?'  reduce 47
	PCLONE  reduce 47


state 80
	Receiver : Expr . '.'  (42)
	LValue : Expr . '[' Expr ']'  (45)
	Expr : Expr . '+' Expr  (50)
	Expr : Expr . '-' Expr  (51)
	Expr : Expr . '*' Expr  (52)
	Expr : Expr . '/' Expr  (53)
	Expr : Expr . '%' Expr  (54)
	Expr : Expr . EQUAL Expr  (55)
	Expr : Expr . NOT_EQUAL Expr  (56)
	Expr : Expr . '<' Expr  (57)
	Expr : Expr . '>' Expr  (58)
	Expr : Expr . LESS_EQUAL Expr  (59)
	Expr : Expr . GREATER_EQUAL Expr  (60)
	Expr : Expr . AND Expr  (61)
	Expr : Expr . OR Expr  (62)
	Expr : Expr . '?' Expr ':' Expr  (73)
	Expr : Expr . PCLONE Expr  (74)

	AND  shift 109
	OR  shift 110
	LESS_EQUAL  shift 111
	GREATER_EQUAL  shift 112
	EQUAL  shift 113
	NOT_EQUAL  shift 114
	'+'  shift 115
	'-'  shift 116
	'*'  shift 117
	'/'  shift 118
	'%'  shift 119
	'>'  shift 120
	'<'  shift 121
	'.'  shift 122
	'['  shift 123
	'?'  shift 124
	PCLONE  shift 125
	.  error


state 81
	SimpleStmt : Call .  (40)
	Expr : Call .  (48)

	AND  reduce 48
	OR  reduce 48
	LESS_EQUAL  reduce 48
	GREATER_EQUAL  reduce 48
	EQUAL  reduce 48
	NOT_EQUAL  reduce 48
	'+'  reduce 48
	'-'  reduce 48
	'*'  reduce 48
	'/'  reduce 48
	'%'  reduce 48
	'>'  reduce 48
	'<'  reduce 48
	'.'  reduce 48
	';'  reduce 40
	')'  reduce 40
	'['  reduce 48
	'?'  reduce 48
	PCLONE  reduce 48


state 82
	LValue : Receiver . IDENTIFIER  (44)
	Call : Receiver . IDENTIFIER '(' Actuals ')'  (46)

	IDENTIFIER  shift 126
	.  error


state 83
	Expr : Constant .  (49)

	.  reduce 49


state 84
	WhileStmt : WHILE '(' . Expr ')' Stmt  (81)
	Receiver : .  (43)

	NULL  shift 46
	THIS  shift 47
	NEW  shift 53
	READ_INTEGER  shift 55
	READ_LINE  shift 56
	LITERAL  shift 57
	INSTANCEOF  shift 58
	'-'  shift 62
	'!'  shift 63
	'('  shift 64
	IDENTIFIER  reduce 43

	LValue  goto 87
	Expr  goto 127
	Call  goto 89
	Receiver  goto 82
	Constant  goto 83


state 85
	ForStmt : FOR '(' . SimpleStmt ';' Expr ';' SimpleStmt ')' Stmt  (82)
	SimpleStmt : .  (41)
	Receiver : .  (43)

	NULL  shift 46
	THIS  shift 47
	NEW  shift 53
	READ_INTEGER  shift 55
	READ_LINE  shift 56
	LITERAL  shift 57
	INSTANCEOF  shift 58
	'-'  shift 62
	'!'  shift 63
	'('  shift 64
	IDENTIFIER  reduce 43
	';'  reduce 41

	SimpleStmt  goto 128
	LValue  goto 79
	Expr  goto 80
	Call  goto 81
	Receiver  goto 82
	Constant  goto 83


state 86
	IfStmt : IF '(' . Expr ')' Stmt ElseClause  (85)
	Receiver : .  (43)

	NULL  shift 46
	THIS  shift 47
	NEW  shift 53
	READ_INTEGER  shift 55
	READ_LINE  shift 56
	LITERAL  shift 57
	INSTANCEOF  shift 58
	'-'  shift 62
	'!'  shift 63
	'('  shift 64
	IDENTIFIER  reduce 43

	LValue  goto 87
	Expr  goto 129
	Call  goto 89
	Receiver  goto 82
	Constant  goto 83


state 87
	Expr : LValue .  (47)

	.  reduce 47


state 88
	Receiver : Expr . '.'  (42)
	LValue : Expr . '[' Expr ']'  (45)
	Expr : Expr . '+' Expr  (50)
	Expr : Expr . '-' Expr  (51)
	Expr : Expr . '*' Expr  (52)
	Expr : Expr . '/' Expr  (53)
	Expr : Expr . '%' Expr  (54)
	Expr : Expr . EQUAL Expr  (55)
	Expr : Expr . NOT_EQUAL Expr  (56)
	Expr : Expr . '<' Expr  (57)
	Expr : Expr . '>' Expr  (58)
	Expr : Expr . LESS_EQUAL Expr  (59)
	Expr : Expr . GREATER_EQUAL Expr  (60)
	Expr : Expr . AND Expr  (61)
	Expr : Expr . OR Expr  (62)
	Expr : Expr . '?' Expr ':' Expr  (73)
	Expr : Expr . PCLONE Expr  (74)
	ReturnStmt : RETURN Expr .  (95)

	AND  shift 109
	OR  shift 110
	LESS_EQUAL  shift 111
	GREATER_EQUAL  shift 112
	EQUAL  shift 113
	NOT_EQUAL  shift 114
	'+'  shift 115
	'-'  shift 116
	'*'  shift 117
	'/'  shift 118
	'%'  shift 119
	'>'  shift 120
	'<'  shift 121
	'.'  shift 122
	'['  shift 123
	'?'  shift 124
	PCLONE  shift 125
	';'  reduce 95


state 89
	Expr : Call .  (48)

	.  reduce 48


state 90
	Expr : NEW IDENTIFIER . '(' ')'  (69)

	'('  shift 130
	.  error


state 91
	Type : Type . '[' ']'  (11)
	Expr : NEW Type . '[' Expr ']'  (70)

	'['  shift 131
	.  error


state 92
	PrintStmt : PRINT '(' . ExprList ')'  (97)
	Receiver : .  (43)

	NULL  shift 46
	THIS  shift 47
	NEW  shift 53
	READ_INTEGER  shift 55
	READ_LINE  shift 56
	LITERAL  shift 57
	INSTANCEOF  shift 58
	'-'  shift 62
	'!'  shift 63
	'('  shift 64
	IDENTIFIER  reduce 43

	LValue  goto 87
	Expr  goto 132
	Call  goto 89
	Receiver  goto 82
	Constant  goto 83
	ExprList  goto 133


state 93
	Expr : READ_INTEGER '(' . ')'  (66)

	')'  shift 134
	.  error


state 94
	Expr : READ_LINE '(' . ')'  (67)

	')'  shift 135
	.  error


state 95
	Expr : INSTANCEOF '(' . Expr ',' IDENTIFIER ')'  (71)
	Receiver : .  (43)

	NULL  shift 46
	THIS  shift 47
	NEW  shift 53
	READ_INTEGER  shift 55
	READ_LINE  shift 56
	LITERAL  shift 57
	INSTANCEOF  shift 58
	'-'  shift 62
	'!'  shift 63
	'('  shift 64
	IDENTIFIER  reduce 43

	LValue  goto 87
	Expr  goto 136
	Call  goto 89
	Receiver  goto 82
	Constant  goto 83


state 96
	SwitchStmt : SWITCH '(' . Expr ')' '{' CaseStmtList DefaultStmt '}'  (86)
	Receiver : .  (43)

	NULL  shift 46
	THIS  shift 47
	NEW  shift 53
	READ_INTEGER  shift 55
	READ_LINE  shift 56
	LITERAL  shift 57
	INSTANCEOF  shift 58
	'-'  shift 62
	'!'  shift 63
	'('  shift 64
	IDENTIFIER  reduce 43

	LValue  goto 87
	Expr  goto 137
	Call  goto 89
	Receiver  goto 82
	Constant  goto 83


state 97
	StmtList : StmtList . Stmt  (25)
	RepeatStmt : REPEAT StmtList . UNTIL '(' Expr ')'  (92)
	SimpleStmt : .  (41)
	Receiver : .  (43)

	VOID  shift 12
	BOOL  shift 13
	INT  shift 14
	STRING  shift 15
	CLASS  shift 16
	NULL  shift 46
	THIS  shift 47
	WHILE  shift 48
	FOR  shift 49
	IF  shift 50
	RETURN  shift 51
	BREAK  shift 52
	NEW  shift 53
	PRINT  shift 54
	READ_INTEGER  shift 55
	READ_LINE  shift 56
	LITERAL  shift 57
	INSTANCEOF  shift 58
	SWITCH  shift 59
	REPEAT  shift 60
	UNTIL  shift 138
	CONTINUE  shift 61
	'-'  shift 62
	'!'  shift 63
	'('  shift 64
	'{'  shift 41
	IDENTIFIER  reduce 43
	';'  reduce 41

	VariableDef  goto 66
	Variable  goto 20
	Type  goto 33
	StmtBlock  goto 67
	Stmt  goto 68
	SimpleStmt  goto 69
	IfStmt  goto 70
	WhileStmt  goto 71
	ForStmt  goto 72
	SwitchStmt  goto 73
	RepeatStmt  goto 74
	ReturnStmt  goto 75
	PrintStmt  goto 76
	BreakStmt  goto 77
	ContinueStmt  goto 78
	LValue  goto 79
	Expr  goto 80
	Call  goto 81
	Receiver  goto 82
	Constant  goto 83


state 98
	Receiver : Expr . '.'  (42)
	LValue : Expr . '[' Expr ']'  (45)
	Expr : Expr . '+' Expr  (50)
	Expr : Expr . '-' Expr  (51)
	Expr : Expr . '*' Expr  (52)
	Expr : Expr . '/' Expr  (53)
	Expr : Expr . '%' Expr  (54)
	Expr : Expr . EQUAL Expr  (55)
	Expr : Expr . NOT_EQUAL Expr  (56)
	Expr : Expr . '<' Expr  (57)
	Expr : Expr . '>' Expr  (58)
	Expr : Expr . LESS_EQUAL Expr  (59)
	Expr : Expr . GREATER_EQUAL Expr  (60)
	Expr : Expr . AND Expr  (61)
	Expr : Expr . OR Expr  (62)
	Expr : '-' Expr .  (64)
	Expr : Expr . '?' Expr ':' Expr  (73)
	Expr : Expr . PCLONE Expr  (74)

	'.'  shift 122
	'['  shift 123
	AND  reduce 64
	OR  reduce 64
	LESS_EQUAL  reduce 64
	GREATER_EQUAL  reduce 64
	EQUAL  reduce 64
	NOT_EQUAL  reduce 64
	'+'  reduce 64
	'-'  reduce 64
	'*'  reduce 64
	'/'  reduce 64
	'%'  reduce 64
	'>'  reduce 64
	'<'  reduce 64
	','  reduce 64
	';'  reduce 64
	')'  reduce 64
	']'  reduce 64
	':'  reduce 64
	'?'  reduce 64
	PCLONE  reduce 64


state 99
	Receiver : Expr . '.'  (42)
	LValue : Expr . '[' Expr ']'  (45)
	Expr : Expr . '+' Expr  (50)
	Expr : Expr . '-' Expr  (51)
	Expr : Expr . '*' Expr  (52)
	Expr : Expr . '/' Expr  (53)
	Expr : Expr . '%' Expr  (54)
	Expr : Expr . EQUAL Expr  (55)
	Expr : Expr . NOT_EQUAL Expr  (56)
	Expr : Expr . '<' Expr  (57)
	Expr : Expr . '>' Expr  (58)
	Expr : Expr . LESS_EQUAL Expr  (59)
	Expr : Expr . GREATER_EQUAL Expr  (60)
	Expr : Expr . AND Expr  (61)
	Expr : Expr . OR Expr  (62)
	Expr : '!' Expr .  (65)
	Expr : Expr . '?' Expr ':' Expr  (73)
	Expr : Expr . PCLONE Expr  (74)

	'.'  shift 122
	'['  shift 123
	AND  reduce 65
	OR  reduce 65
	LESS_EQUAL  reduce 65
	GREATER_EQUAL  reduce 65
	EQUAL  reduce 65
	NOT_EQUAL  reduce 65
	'+'  reduce 65
	'-'  reduce 65
	'*'  reduce 65
	'/'  reduce 65
	'%'  reduce 65
	'>'  reduce 65
	'<'  reduce 65
	','  reduce 65
	';'  reduce 65
	')'  reduce 65
	']'  reduce 65
	':'  reduce 65
	'?'  reduce 65
	PCLONE  reduce 65


state 100
	Expr : '(' CLASS . IDENTIFIER ')' Expr  (72)

	IDENTIFIER  shift 139
	.  error


state 101
	Receiver : Expr . '.'  (42)
	LValue : Expr . '[' Expr ']'  (45)
	Expr : Expr . '+' Expr  (50)
	Expr : Expr . '-' Expr  (51)
	Expr : Expr . '*' Expr  (52)
	Expr : Expr . '/' Expr  (53)
	Expr : Expr . '%' Expr  (54)
	Expr : Expr . EQUAL Expr  (55)
	Expr : Expr . NOT_EQUAL Expr  (56)
	Expr : Expr . '<' Expr  (57)
	Expr : Expr . '>' Expr  (58)
	Expr : Expr . LESS_EQUAL Expr  (59)
	Expr : Expr . GREATER_EQUAL Expr  (60)
	Expr : Expr . AND Expr  (61)
	Expr : Expr . OR Expr  (62)
	Expr : '(' Expr . ')'  (63)
	Expr : Expr . '?' Expr ':' Expr  (73)
	Expr : Expr . PCLONE Expr  (74)

	AND  shift 109
	OR  shift 110
	LESS_EQUAL  shift 111
	GREATER_EQUAL  shift 112
	EQUAL  shift 113
	NOT_EQUAL  shift 114
	'+'  shift 115
	'-'  shift 116
	'*'  shift 117
	'/'  shift 118
	'%'  shift 119
	'>'  shift 120
	'<'  shift 121
	'.'  shift 122
	')'  shift 140
	'['  shift 123
	'?'  shift 124
	PCLONE  shift 125
	.  error


state 102
	Stmt : SimpleStmt ';' .  (28)

	.  reduce 28


state 103
	Stmt : RepeatStmt ';' .  (33)

	.  reduce 33


state 104
	Stmt : ReturnStmt ';' .  (34)

	.  reduce 34


state 105
	Stmt : PrintStmt ';' .  (35)

	.  reduce 35


state 106
	Stmt : BreakStmt ';' .  (36)

	.  reduce 36


state 107
	Stmt : ContinueStmt ';' .  (37)

	.  reduce 37


state 108
	SimpleStmt : LValue '=' . Expr  (39)
	Receiver : .  (43)

	NULL  shift 46
	THIS  shift 47
	NEW  shift 53
	READ_INTEGER  shift 55
	READ_LINE  shift 56
	LITERAL  shift 57
	INSTANCEOF  shift 58
	'-'  shift 62
	'!'  shift 63
	'('  shift 64
	IDENTIFIER  reduce 43

	LValue  goto 87
	Expr  goto 141
	Call  goto 89
	Receiver  goto 82
	Constant  goto 83


state 109
	Expr : Expr AND . Expr  (61)
	Receiver : .  (43)

	NULL  shift 46
	THIS  shift 47
	NEW  shift 53
	READ_INTEGER  shift 55
	READ_LINE  shift 56
	LITERAL  shift 57
	INSTANCEOF  shift 58
	'-'  shift 62
	'!'  shift 63
	'('  shift 64
	IDENTIFIER  reduce 43

	LValue  goto 87
	Expr  goto 142
	Call  goto 89
	Receiver  goto 82
	Constant  goto 83


state 110
	Expr : Expr OR . Expr  (62)
	Receiver : .  (43)

	NULL  shift 46
	THIS  shift 47
	NEW  shift 53
	READ_INTEGER  shift 55
	READ_LINE  shift 56
	LITERAL  shift 57
	INSTANCEOF  shift 58
	'-'  shift 62
	'!'  shift 63
	'('  shift 64
	IDENTIFIER  reduce 43

	LValue  goto 87
	Expr  goto 143
	Call  goto 89
	Receiver  goto 82
	Constant  goto 83


state 111
	Expr : Expr LESS_EQUAL . Expr  (59)
	Receiver : .  (43)

	NULL  shift 46
	THIS  shift 47
	NEW  shift 53
	READ_INTEGER  shift 55
	READ_LINE  shift 56
	LITERAL  shift 57
	INSTANCEOF  shift 58
	'-'  shift 62
	'!'  shift 63
	'('  shift 64
	IDENTIFIER  reduce 43

	LValue  goto 87
	Expr  goto 144
	Call  goto 89
	Receiver  goto 82
	Constant  goto 83


state 112
	Expr : Expr GREATER_EQUAL . Expr  (60)
	Receiver : .  (43)

	NULL  shift 46
	THIS  shift 47
	NEW  shift 53
	READ_INTEGER  shift 55
	READ_LINE  shift 56
	LITERAL  shift 57
	INSTANCEOF  shift 58
	'-'  shift 62
	'!'  shift 63
	'('  shift 64
	IDENTIFIER  reduce 43

	LValue  goto 87
	Expr  goto 145
	Call  goto 89
	Receiver  goto 82
	Constant  goto 83


state 113
	Expr : Expr EQUAL . Expr  (55)
	Receiver : .  (43)

	NULL  shift 46
	THIS  shift 47
	NEW  shift 53
	READ_INTEGER  shift 55
	READ_LINE  shift 56
	LITERAL  shift 57
	INSTANCEOF  shift 58
	'-'  shift 62
	'!'  shift 63
	'('  shift 64
	IDENTIFIER  reduce 43

	LValue  goto 87
	Expr  goto 146
	Call  goto 89
	Receiver  goto 82
	Constant  goto 83


state 114
	Expr : Expr NOT_EQUAL . Expr  (56)
	Receiver : .  (43)

	NULL  shift 46
	THIS  shift 47
	NEW  shift 53
	READ_INTEGER  shift 55
	READ_LINE  shift 56
	LITERAL  shift 57
	INSTANCEOF  shift 58
	'-'  shift 62
	'!'  shift 63
	'('  shift 64
	IDENTIFIER  reduce 43

	LValue  goto 87
	Expr  goto 147
	Call  goto 89
	Receiver  goto 82
	Constant  goto 83


state 115
	Expr : Expr '+' . Expr  (50)
	Receiver : .  (43)

	NULL  shift 46
	THIS  shift 47
	NEW  shift 53
	READ_INTEGER  shift 55
	READ_LINE  shift 56
	LITERAL  shift 57
	INSTANCEOF  shift 58
	'-'  shift 62
	'!'  shift 63
	'('  shift 64
	IDENTIFIER  reduce 43

	LValue  goto 87
	Expr  goto 148
	Call  goto 89
	Receiver  goto 82
	Constant  goto 83


state 116
	Expr : Expr '-' . Expr  (51)
	Receiver : .  (43)

	NULL  shift 46
	THIS  shift 47
	NEW  shift 53
	READ_INTEGER  shift 55
	READ_LINE  shift 56
	LITERAL  shift 57
	INSTANCEOF  shift 58
	'-'  shift 62
	'!'  shift 63
	'('  shift 64
	IDENTIFIER  reduce 43

	LValue  goto 87
	Expr  goto 149
	Call  goto 89
	Receiver  goto 82
	Constant  goto 83


state 117
	Expr : Expr '*' . Expr  (52)
	Receiver : .  (43)

	NULL  shift 46
	THIS  shift 47
	NEW  shift 53
	READ_INTEGER  shift 55
	READ_LINE  shift 56
	LITERAL  shift 57
	INSTANCEOF  shift 58
	'-'  shift 62
	'!'  shift 63
	'('  shift 64
	IDENTIFIER  reduce 43

	LValue  goto 87
	Expr  goto 150
	Call  goto 89
	Receiver  goto 82
	Constant  goto 83


state 118
	Expr : Expr '/' . Expr  (53)
	Receiver : .  (43)

	NULL  shift 46
	THIS  shift 47
	NEW  shift 53
	READ_INTEGER  shift 55
	READ_LINE  shift 56
	LITERAL  shift 57
	INSTANCEOF  shift 58
	'-'  shift 62
	'!'  shift 63
	'('  shift 64
	IDENTIFIER  reduce 43

	LValue  goto 87
	Expr  goto 151
	Call  goto 89
	Receiver  goto 82
	Constant  goto 83


state 119
	Expr : Expr '%' . Expr  (54)
	Receiver : .  (43)

	NULL  shift 46
	THIS  shift 47
	NEW  shift 53
	READ_INTEGER  shift 55
	READ_LINE  shift 56
	LITERAL  shift 57
	INSTANCEOF  shift 58
	'-'  shift 62
	'!'  shift 63
	'('  shift 64
	IDENTIFIER  reduce 43

	LValue  goto 87
	Expr  goto 152
	Call  goto 89
	Receiver  goto 82
	Constant  goto 83


state 120
	Expr : Expr '>' . Expr  (58)
	Receiver : .  (43)

	NULL  shift 46
	THIS  shift 47
	NEW  shift 53
	READ_INTEGER  shift 55
	READ_LINE  shift 56
	LITERAL  shift 57
	INSTANCEOF  shift 58
	'-'  shift 62
	'!'  shift 63
	'('  shift 64
	IDENTIFIER  reduce 43

	LValue  goto 87
	Expr  goto 153
	Call  goto 89
	Receiver  goto 82
	Constant  goto 83


state 121
	Expr : Expr '<' . Expr  (57)
	Receiver : .  (43)

	NULL  shift 46
	THIS  shift 47
	NEW  shift 53
	READ_INTEGER  shift 55
	READ_LINE  shift 56
	LITERAL  shift 57
	INSTANCEOF  shift 58
	'-'  shift 62
	'!'  shift 63
	'('  shift 64
	IDENTIFIER  reduce 43

	LValue  goto 87
	Expr  goto 154
	Call  goto 89
	Receiver  goto 82
	Constant  goto 83


state 122
	Receiver : Expr '.' .  (42)

	.  reduce 42


state 123
	LValue : Expr '[' . Expr ']'  (45)
	Receiver : .  (43)

	NULL  shift 46
	THIS  shift 47
	NEW  shift 53
	READ_INTEGER  shift 55
	READ_LINE  shift 56
	LITERAL  shift 57
	INSTANCEOF  shift 58
	'-'  shift 62
	'!'  shift 63
	'('  shift 64
	IDENTIFIER  reduce 43

	LValue  goto 87
	Expr  goto 155
	Call  goto 89
	Receiver  goto 82
	Constant  goto 83


state 124
	Expr : Expr '?' . Expr ':' Expr  (73)
	Receiver : .  (43)

	NULL  shift 46
	THIS  shift 47
	NEW  shift 53
	READ_INTEGER  shift 55
	READ_LINE  shift 56
	LITERAL  shift 57
	INSTANCEOF  shift 58
	'-'  shift 62
	'!'  shift 63
	'('  shift 64
	IDENTIFIER  reduce 43

	LValue  goto 87
	Expr  goto 156
	Call  goto 89
	Receiver  goto 82
	Constant  goto 83


state 125
	Expr : Expr PCLONE . Expr  (74)
	Receiver : .  (43)

	NULL  shift 46
	THIS  shift 47
	NEW  shift 53
	READ_INTEGER  shift 55
	READ_LINE  shift 56
	LITERAL  shift 57
	INSTANCEOF  shift 58
	'-'  shift 62
	'!'  shift 63
	'('  shift 64
	IDENTIFIER  reduce 43

	LValue  goto 87
	Expr  goto 157
	Call  goto 89
	Receiver  goto 82
	Constant  goto 83


state 126
	LValue : Receiver IDENTIFIER .  (44)
	Call : Receiver IDENTIFIER . '(' Actuals ')'  (46)

	'('  shift 158
	AND  reduce 44
	OR  reduce 44
	LESS_EQUAL  reduce 44
	GREATER_EQUAL  reduce 44
	EQUAL  reduce 44
	NOT_EQUAL  reduce 44
	'+'  reduce 44
	'-'  reduce 44
	'*'  reduce 44
	'/'  reduce 44
	'%'  reduce 44
	'='  reduce 44
	'>'  reduce 44
	'<'  reduce 44
	'.'  reduce 44
	','  reduce 44
	';'  reduce 44
	')'  reduce 44
	'['  reduce 44
	']'  reduce 44
	':'  reduce 44
	'?'  reduce 44
	PCLONE  reduce 44


state 127
	Receiver : Expr . '.'  (42)
	LValue : Expr . '[' Expr ']'  (45)
	Expr : Expr . '+' Expr  (50)
	Expr : Expr . '-' Expr  (51)
	Expr : Expr . '*' Expr  (52)
	Expr : Expr . '/' Expr  (53)
	Expr : Expr . '%' Expr  (54)
	Expr : Expr . EQUAL Expr  (55)
	Expr : Expr . NOT_EQUAL Expr  (56)
	Expr : Expr . '<' Expr  (57)
	Expr : Expr . '>' Expr  (58)
	Expr : Expr . LESS_EQUAL Expr  (59)
	Expr : Expr . GREATER_EQUAL Expr  (60)
	Expr : Expr . AND Expr  (61)
	Expr : Expr . OR Expr  (62)
	Expr : Expr . '?' Expr ':' Expr  (73)
	Expr : Expr . PCLONE Expr  (74)
	WhileStmt : WHILE '(' Expr . ')' Stmt  (81)

	AND  shift 109
	OR  shift 110
	LESS_EQUAL  shift 111
	GREATER_EQUAL  shift 112
	EQUAL  shift 113
	NOT_EQUAL  shift 114
	'+'  shift 115
	'-'  shift 116
	'*'  shift 117
	'/'  shift 118
	'%'  shift 119
	'>'  shift 120
	'<'  shift 121
	'.'  shift 122
	')'  shift 159
	'['  shift 123
	'?'  shift 124
	PCLONE  shift 125
	.  error


state 128
	ForStmt : FOR '(' SimpleStmt . ';' Expr ';' SimpleStmt ')' Stmt  (82)

	';'  shift 160
	.  error


state 129
	Receiver : Expr . '.'  (42)
	LValue : Expr . '[' Expr ']'  (45)
	Expr : Expr . '+' Expr  (50)
	Expr : Expr . '-' Expr  (51)
	Expr : Expr . '*' Expr  (52)
	Expr : Expr . '/' Expr  (53)
	Expr : Expr . '%' Expr  (54)
	Expr : Expr . EQUAL Expr  (55)
	Expr : Expr . NOT_EQUAL Expr  (56)
	Expr : Expr . '<' Expr  (57)
	Expr : Expr . '>' Expr  (58)
	Expr : Expr . LESS_EQUAL Expr  (59)
	Expr : Expr . GREATER_EQUAL Expr  (60)
	Expr : Expr . AND Expr  (61)
	Expr : Expr . OR Expr  (62)
	Expr : Expr . '?' Expr ':' Expr  (73)
	Expr : Expr . PCLONE Expr  (74)
	IfStmt : IF '(' Expr . ')' Stmt ElseClause  (85)

	AND  shift 109
	OR  shift 110
	LESS_EQUAL  shift 111
	GREATER_EQUAL  shift 112
	EQUAL  shift 113
	NOT_EQUAL  shift 114
	'+'  shift 115
	'-'  shift 116
	'*'  shift 117
	'/'  shift 118
	'%'  shift 119
	'>'  shift 120
	'<'  shift 121
	'.'  shift 122
	')'  shift 161
	'['  shift 123
	'?'  shift 124
	PCLONE  shift 125
	.  error


state 130
	Expr : NEW IDENTIFIER '(' . ')'  (69)

	')'  shift 162
	.  error


state 131
	Type : Type '[' . ']'  (11)
	Expr : NEW Type '[' . Expr ']'  (70)
	Receiver : .  (43)

	NULL  shift 46
	THIS  shift 47
	NEW  shift 53
	READ_INTEGER  shift 55
	READ_LINE  shift 56
	LITERAL  shift 57
	INSTANCEOF  shift 58
	'-'  shift 62
	'!'  shift 63
	'('  shift 64
	']'  shift 30
	IDENTIFIER  reduce 43

	LValue  goto 87
	Expr  goto 163
	Call  goto 89
	Receiver  goto 82
	Constant  goto 83


state 132
	Receiver : Expr . '.'  (42)
	LValue : Expr . '[' Expr ']'  (45)
	Expr : Expr . '+' Expr  (50)
	Expr : Expr . '-' Expr  (51)
	Expr : Expr . '*' Expr  (52)
	Expr : Expr . '/' Expr  (53)
	Expr : Expr . '%' Expr  (54)
	Expr : Expr . EQUAL Expr  (55)
	Expr : Expr . NOT_EQUAL Expr  (56)
	Expr : Expr . '<' Expr  (57)
	Expr : Expr . '>' Expr  (58)
	Expr : Expr . LESS_EQUAL Expr  (59)
	Expr : Expr . GREATER_EQUAL Expr  (60)
	Expr : Expr . AND Expr  (61)
	Expr : Expr . OR Expr  (62)
	Expr : Expr . '?' Expr ':' Expr  (73)
	Expr : Expr . PCLONE Expr  (74)
	ExprList : Expr .  (80)

	AND  shift 109
	OR  shift 110
	LESS_EQUAL  shift 111
	GREATER_EQUAL  shift 112
	EQUAL  shift 113
	NOT_EQUAL  shift 114
	'+'  shift 115
	'-'  shift 116
	'*'  shift 117
	'/'  shift 118
	'%'  shift 119
	'>'  shift 120
	'<'  shift 121
	'.'  shift 122
	'['  shift 123
	'?'  shift 124
	PCLONE  shift 125
	','  reduce 80
	')'  reduce 80


state 133
	ExprList : ExprList . ',' Expr  (79)
	PrintStmt : PRINT '(' ExprList . ')'  (97)

	','  shift 164
	')'  shift 165
	.  error


state 134
	Expr : READ_INTEGER '(' ')' .  (66)

	.  reduce 66


state 135
	Expr : READ_LINE '(' ')' .  (67)

	.  reduce 67


state 136
	Receiver : Expr . '.'  (42)
	LValue : Expr . '[' Expr ']'  (45)
	Expr : Expr . '+' Expr  (50)
	Expr : Expr . '-' Expr  (51)
	Expr : Expr . '*' Expr  (52)
	Expr : Expr . '/' Expr  (53)
	Expr : Expr . '%' Expr  (54)
	Expr : Expr . EQUAL Expr  (55)
	Expr : Expr . NOT_EQUAL Expr  (56)
	Expr : Expr . '<' Expr  (57)
	Expr : Expr . '>' Expr  (58)
	Expr : Expr . LESS_EQUAL Expr  (59)
	Expr : Expr . GREATER_EQUAL Expr  (60)
	Expr : Expr . AND Expr  (61)
	Expr : Expr . OR Expr  (62)
	Expr : INSTANCEOF '(' Expr . ',' IDENTIFIER ')'  (71)
	Expr : Expr . '?' Expr ':' Expr  (73)
	Expr : Expr . PCLONE Expr  (74)

	AND  shift 109
	OR  shift 110
	LESS_EQUAL  shift 111
	GREATER_EQUAL  shift 112
	EQUAL  shift 113
	NOT_EQUAL  shift 114
	'+'  shift 115
	'-'  shift 116
	'*'  shift 117
	'/'  shift 118
	'%'  shift 119
	'>'  shift 120
	'<'  shift 121
	'.'  shift 122
	','  shift 166
	'['  shift 123
	'?'  shift 124
	PCLONE  shift 125
	.  error


state 137
	Receiver : Expr . '.'  (42)
	LValue : Expr . '[' Expr ']'  (45)
	Expr : Expr . '+' Expr  (50)
	Expr : Expr . '-' Expr  (51)
	Expr : Expr . '*' Expr  (52)
	Expr : Expr . '/' Expr  (53)
	Expr : Expr . '%' Expr  (54)
	Expr : Expr . EQUAL Expr  (55)
	Expr : Expr . NOT_EQUAL Expr  (56)
	Expr : Expr . '<' Expr  (57)
	Expr : Expr . '>' Expr  (58)
	Expr : Expr . LESS_EQUAL Expr  (59)
	Expr : Expr . GREATER_EQUAL Expr  (60)
	Expr : Expr . AND Expr  (61)
	Expr : Expr . OR Expr  (62)
	Expr : Expr . '?' Expr ':' Expr  (73)
	Expr : Expr . PCLONE Expr  (74)
	SwitchStmt : SWITCH '(' Expr . ')' '{' CaseStmtList DefaultStmt '}'  (86)

	AND  shift 109
	OR  shift 110
	LESS_EQUAL  shift 111
	GREATER_EQUAL  shift 112
	EQUAL  shift 113
	NOT_EQUAL  shift 114
	'+'  shift 115
	'-'  shift 116
	'*'  shift 117
	'/'  shift 118
	'%'  shift 119
	'>'  shift 120
	'<'  shift 121
	'.'  shift 122
	')'  shift 167
	'['  shift 123
	'?'  shift 124
	PCLONE  shift 125
	.  error


state 138
	RepeatStmt : REPEAT StmtList UNTIL . '(' Expr ')'  (92)

	'('  shift 168
	.  error


state 139
	Expr : '(' CLASS IDENTIFIER . ')' Expr  (72)

	')'  shift 169
	.  error


state 140
	Expr : '(' Expr ')' .  (63)

	.  reduce 63


state 141
	SimpleStmt : LValue '=' Expr .  (39)
	Receiver : Expr . '.'  (42)
	LValue : Expr . '[' Expr ']'  (45)
	Expr : Expr . '+' Expr  (50)
	Expr : Expr . '-' Expr  (51)
	Expr : Expr . '*' Expr  (52)
	Expr : Expr . '/' Expr  (53)
	Expr : Expr . '%' Expr  (54)
	Expr : Expr . EQUAL Expr  (55)
	Expr : Expr . NOT_EQUAL Expr  (56)
	Expr : Expr . '<' Expr  (57)
	Expr : Expr . '>' Expr  (58)
	Expr : Expr . LESS_EQUAL Expr  (59)
	Expr : Expr . GREATER_EQUAL Expr  (60)
	Expr : Expr . AND Expr  (61)
	Expr : Expr . OR Expr  (62)
	Expr : Expr . '?' Expr ':' Expr  (73)
	Expr : Expr . PCLONE Expr  (74)

	AND  shift 109
	OR  shift 110
	LESS_EQUAL  shift 111
	GREATER_EQUAL  shift 112
	EQUAL  shift 113
	NOT_EQUAL  shift 114
	'+'  shift 115
	'-'  shift 116
	'*'  shift 117
	'/'  shift 118
	'%'  shift 119
	'>'  shift 120
	'<'  shift 121
	'.'  shift 122
	'['  shift 123
	'?'  shift 124
	PCLONE  shift 125
	';'  reduce 39
	')'  reduce 39


state 142
	Receiver : Expr . '.'  (42)
	LValue : Expr . '[' Expr ']'  (45)
	Expr : Expr . '+' Expr  (50)
	Expr : Expr . '-' Expr  (51)
	Expr : Expr . '*' Expr  (52)
	Expr : Expr . '/' Expr  (53)
	Expr : Expr . '%' Expr  (54)
	Expr : Expr . EQUAL Expr  (55)
	Expr : Expr . NOT_EQUAL Expr  (56)
	Expr : Expr . '<' Expr  (57)
	Expr : Expr . '>' Expr  (58)
	Expr : Expr . LESS_EQUAL Expr  (59)
	Expr : Expr . GREATER_EQUAL Expr  (60)
	Expr : Expr . AND Expr  (61)
	Expr : Expr AND Expr .  (61)
	Expr : Expr . OR Expr  (62)
	Expr : Expr . '?' Expr ':' Expr  (73)
	Expr : Expr . PCLONE Expr  (74)

	LESS_EQUAL  shift 111
	GREATER_EQUAL  shift 112
	EQUAL  shift 113
	NOT_EQUAL  shift 114
	'+'  shift 115
	'-'  shift 116
	'*'  shift 117
	'/'  shift 118
	'%'  shift 119
	'>'  shift 120
	'<'  shift 121
	'.'  shift 122
	'['  shift 123
	AND  reduce 61
	OR  reduce 61
	','  reduce 61
	';'  reduce 61
	')'  reduce 61
	']'  reduce 61
	':'  reduce 61
	'?'  reduce 61
	PCLONE  reduce 61


state 143
	Receiver : Expr . '.'  (42)
	LValue : Expr . '[' Expr ']'  (45)
	Expr : Expr . '+' Expr  (50)
	Expr : Expr . '-' Expr  (51)
	Expr : Expr . '*' Expr  (52)
	Expr : Expr . '/' Expr  (53)
	Expr : Expr . '%' Expr  (54)
	Expr : Expr . EQUAL Expr  (55)
	Expr : Expr . NOT_EQUAL Expr  (56)
	Expr : Expr . '<' Expr  (57)
	Expr : Expr . '>' Expr  (58)
	Expr : Expr . LESS_EQUAL Expr  (59)
	Expr : Expr . GREATER_EQUAL Expr  (60)
	Expr : Expr . AND Expr  (61)
	Expr : Expr . OR Expr  (62)
	Expr : Expr OR Expr .  (62)
	Expr : Expr . '?' Expr ':' Expr  (73)
	Expr : Expr . PCLONE Expr  (74)

	AND  shift 109
	LESS_EQUAL  shift 111
	GREATER_EQUAL  shift 112
	EQUAL  shift 113
	NOT_EQUAL  shift 114
	'+'  shift 115
	'-'  shift 116
	'*'  shift 117
	'/'  shift 118
	'%'  shift 119
	'>'  shift 120
	'<'  shift 121
	'.'  shift 122
	'['  shift 123
	OR  reduce 62
	','  reduce 62
	';'  reduce 62
	')'  reduce 62
	']'  reduce 62
	':'  reduce 62
	'?'  reduce 62
	PCLONE  reduce 62


state 144
	Receiver : Expr . '.'  (42)
	LValue : Expr . '[' Expr ']'  (45)
	Expr : Expr . '+' Expr  (50)
	Expr : Expr . '-' Expr  (51)
	Expr : Expr . '*' Expr  (52)
	Expr : Expr . '/' Expr  (53)
	Expr : Expr . '%' Expr  (54)
	Expr : Expr . EQUAL Expr  (55)
	Expr : Expr . NOT_EQUAL Expr  (56)
	Expr : Expr . '<' Expr  (57)
	Expr : Expr . '>' Expr  (58)
	Expr : Expr . LESS_EQUAL Expr  (59)
	Expr : Expr LESS_EQUAL Expr .  (59)
	Expr : Expr . GREATER_EQUAL Expr  (60)
	Expr : Expr . AND Expr  (61)
	Expr : Expr . OR Expr  (62)
	Expr : Expr . '?' Expr ':' Expr  (73)
	Expr : Expr . PCLONE Expr  (74)

	'+'  shift 115
	'-'  shift 116
	'*'  shift 117
	'/'  shift 118
	'%'  shift 119
	'.'  shift 122
	'['  shift 123
	AND  reduce 59
	OR  reduce 59
	EQUAL  reduce 59
	NOT_EQUAL  reduce 59
	','  reduce 59
	';'  reduce 59
	')'  reduce 59
	']'  reduce 59
	':'  reduce 59
	'?'  reduce 59
	PCLONE  reduce 59


state 145
	Receiver : Expr . '.'  (42)
	LValue : Expr . '[' Expr ']'  (45)
	Expr : Expr . '+' Expr  (50)
	Expr : Expr . '-' Expr  (51)
	Expr : Expr . '*' Expr  (52)
	Expr : Expr . '/' Expr  (53)
	Expr : Expr . '%' Expr  (54)
	Expr : Expr . EQUAL Expr  (55)
	Expr : Expr . NOT_EQUAL Expr  (56)
	Expr : Expr . '<' Expr  (57)
	Expr : Expr . '>' Expr  (58)
	Expr : Expr . LESS_EQUAL Expr  (59)
	Expr : Expr . GREATER_EQUAL Expr  (60)
	Expr : Expr GREATER_EQUAL Expr .  (60)
	Expr : Expr . AND Expr  (61)
	Expr : Expr . OR Expr  (62)
	Expr : Expr . '?' Expr ':' Expr  (73)
	Expr : Expr . PCLONE Expr  (74)

	'+'  shift 115
	'-'  shift 116
	'*'  shift 117
	'/'  shift 118
	'%'  shift 119
	'.'  shift 122
	'['  shift 123
	AND  reduce 60
	OR  reduce 60
	EQUAL  reduce 60
	NOT_EQUAL  reduce 60
	','  reduce 60
	';'  reduce 60
	')'  reduce 60
	']'  reduce 60
	':'  reduce 60
	'?'  reduce 60
	PCLONE  reduce 60


state 146
	Receiver : Expr . '.'  (42)
	LValue : Expr . '[' Expr ']'  (45)
	Expr : Expr . '+' Expr  (50)
	Expr : Expr . '-' Expr  (51)
	Expr : Expr . '*' Expr  (52)
	Expr : Expr . '/' Expr  (53)
	Expr : Expr . '%' Expr  (54)
	Expr : Expr . EQUAL Expr  (55)
	Expr : Expr EQUAL Expr .  (55)
	Expr : Expr . NOT_EQUAL Expr  (56)
	Expr : Expr . '<' Expr  (57)
	Expr : Expr . '>' Expr  (58)
	Expr : Expr . LESS_EQUAL Expr  (59)
	Expr : Expr . GREATER_EQUAL Expr  (60)
	Expr : Expr . AND Expr  (61)
	Expr : Expr . OR Expr  (62)
	Expr : Expr . '?' Expr ':' Expr  (73)
	Expr : Expr . PCLONE Expr  (74)

	LESS_EQUAL  shift 111
	GREATER_EQUAL  shift 112
	'+'  shift 115
	'-'  shift 116
	'*'  shift 117
	'/'  shift 118
	'%'  shift 119
	'>'  shift 120
	'<'  shift 121
	'.'  shift 122
	'['  shift 123
	AND  reduce 55
	OR  reduce 55
	','  reduce 55
	';'  reduce 55
	')'  reduce 55
	']'  reduce 55
	':'  reduce 55
	'?'  reduce 55
	PCLONE  reduce 55


state 147
	Receiver : Expr . '.'  (42)
	LValue : Expr . '[' Expr ']'  (45)
	Expr : Expr . '+' Expr  (50)
	Expr : Expr . '-' Expr  (51)
	Expr : Expr . '*' Expr  (52)
	Expr : Expr . '/' Expr  (53)
	Expr : Expr . '%' Expr  (54)
	Expr : Expr . EQUAL Expr  (55)
	Expr : Expr . NOT_EQUAL Expr  (56)
	Expr : Expr NOT_EQUAL Expr .  (56)
	Expr : Expr . '<' Expr  (57)
	Expr : Expr . '>' Expr  (58)
	Expr : Expr . LESS_EQUAL Expr  (59)
	Expr : Expr . GREATER_EQUAL Expr  (60)
	Expr : Expr . AND Expr  (61)
	Expr : Expr . OR Expr  (62)
	Expr : Expr . '?' Expr ':' Expr  (73)
	Expr : Expr . PCLONE Expr  (74)

	LESS_EQUAL  shift 111
	GREATER_EQUAL  shift 112
	'+'  shift 115
	'-'  shift 116
	'*'  shift 117
	'/'  shift 118
	'%'  shift 119
	'>'  shift 120
	'<'  shift 121
	'.'  shift 122
	'['  shift 123
	AND  reduce 56
	OR  reduce 56
	','  reduce 56
	';'  reduce 56
	')'  reduce 56
	']'  reduce 56
	':'  reduce 56
	'?'  reduce 56
	PCLONE  reduce 56


state 148
	Receiver : Expr . '.'  (42)
	LValue : Expr . '[' Expr ']'  (45)
	Expr : Expr . '+' Expr  (50)
	Expr : Expr '+' Expr .  (50)
	Expr : Expr . '-' Expr  (51)
	Expr : Expr . '*' Expr  (52)
	Expr : Expr . '/' Expr  (53)
	Expr : Expr . '%' Expr  (54)
	Expr : Expr . EQUAL Expr  (55)
	Expr : Expr . NOT_EQUAL Expr  (56)
	Expr : Expr . '<' Expr  (57)
	Expr : Expr . '>' Expr  (58)
	Expr : Expr . LESS_EQUAL Expr  (59)
	Expr : Expr . GREATER_EQUAL Expr  (60)
	Expr : Expr . AND Expr  (61)
	Expr : Expr . OR Expr  (62)
	Expr : Expr . '?' Expr ':' Expr  (73)
	Expr : Expr . PCLONE Expr  (74)

	'*'  shift 117
	'/'  shift 118
	'%'  shift 119
	'.'  shift 122
	'['  shift 123
	AND  reduce 50
	OR  reduce 50
	LESS_EQUAL  reduce 50
	GREATER_EQUAL  reduce 50
	EQUAL  reduce 50
	NOT_EQUAL  reduce 50
	'+'  reduce 50
	'-'  reduce 50
	'>'  reduce 50
	'<'  reduce 50
	','  reduce 50
	';'  reduce 50
	')'  reduce 50
	']'  reduce 50
	':'  reduce 50
	'?'  reduce 50
	PCLONE  reduce 50


state 149
	Receiver : Expr . '.'  (42)
	LValue : Expr . '[' Expr ']'  (45)
	Expr : Expr . '+' Expr  (50)
	Expr : Expr . '-' Expr  (51)
	Expr : Expr '-' Expr .  (51)
	Expr : Expr . '*' Expr  (52)
	Expr : Expr . '/' Expr  (53)
	Expr : Expr . '%' Expr  (54)
	Expr : Expr . EQUAL Expr  (55)
	Expr : Expr . NOT_EQUAL Expr  (56)
	Expr : Expr . '<' Expr  (57)
	Expr : Expr . '>' Expr  (58)
	Expr : Expr . LESS_EQUAL Expr  (59)
	Expr : Expr . GREATER_EQUAL Expr  (60)
	Expr : Expr . AND Expr  (61)
	Expr : Expr . OR Expr  (62)
	Expr : Expr . '?' Expr ':' Expr  (73)
	Expr : Expr . PCLONE Expr  (74)

	'*'  shift 117
	'/'  shift 118
	'%'  shift 119
	'.'  shift 122
	'['  shift 123
	AND  reduce 51
	OR  reduce 51
	LESS_EQUAL  reduce 51
	GREATER_EQUAL  reduce 51
	EQUAL  reduce 51
	NOT_EQUAL  reduce 51
	'+'  reduce 51
	'-'  reduce 51
	'>'  reduce 51
	'<'  reduce 51
	','  reduce 51
	';'  reduce 51
	')'  reduce 51
	']'  reduce 51
	':'  reduce 51
	'?'  reduce 51
	PCLONE  reduce 51


state 150
	Receiver : Expr . '.'  (42)
	LValue : Expr . '[' Expr ']'  (45)
	Expr : Expr . '+' Expr  (50)
	Expr : Expr . '-' Expr  (51)
	Expr : Expr . '*' Expr  (52)
	Expr : Expr '*' Expr .  (52)
	Expr : Expr . '/' Expr  (53)
	Expr : Expr . '%' Expr  (54)
	Expr : Expr . EQUAL Expr  (55)
	Expr : Expr . NOT_EQUAL Expr  (56)
	Expr : Expr . '<' Expr  (57)
	Expr : Expr . '>' Expr  (58)
	Expr : Expr . LESS_EQUAL Expr  (59)
	Expr : Expr . GREATER_EQUAL Expr  (60)
	Expr : Expr . AND Expr  (61)
	Expr : Expr . OR Expr  (62)
	Expr : Expr . '?' Expr ':' Expr  (73)
	Expr : Expr . PCLONE Expr  (74)

	'.'  shift 122
	'['  shift 123
	AND  reduce 52
	OR  reduce 52
	LESS_EQUAL  reduce 52
	GREATER_EQUAL  reduce 52
	EQUAL  reduce 52
	NOT_EQUAL  reduce 52
	'+'  reduce 52
	'-'  reduce 52
	'*'  reduce 52
	'/'  reduce 52
	'%'  reduce 52
	'>'  reduce 52
	'<'  reduce 52
	','  reduce 52
	';'  reduce 52
	')'  reduce 52
	']'  reduce 52
	':'  reduce 52
	'?'  reduce 52
	PCLONE  reduce 52


state 151
	Receiver : Expr . '.'  (42)
	LValue : Expr . '[' Expr ']'  (45)
	Expr : Expr . '+' Expr  (50)
	Expr : Expr . '-' Expr  (51)
	Expr : Expr . '*' Expr  (52)
	Expr : Expr . '/' Expr  (53)
	Expr : Expr '/' Expr .  (53)
	Expr : Expr . '%' Expr  (54)
	Expr : Expr . EQUAL Expr  (55)
	Expr : Expr . NOT_EQUAL Expr  (56)
	Expr : Expr . '<' Expr  (57)
	Expr : Expr . '>' Expr  (58)
	Expr : Expr . LESS_EQUAL Expr  (59)
	Expr : Expr . GREATER_EQUAL Expr  (60)
	Expr : Expr . AND Expr  (61)
	Expr : Expr . OR Expr  (62)
	Expr : Expr . '?' Expr ':' Expr  (73)
	Expr : Expr . PCLONE Expr  (74)

	'.'  shift 122
	'['  shift 123
	AND  reduce 53
	OR  reduce 53
	LESS_EQUAL  reduce 53
	GREATER_EQUAL  reduce 53
	EQUAL  reduce 53
	NOT_EQUAL  reduce 53
	'+'  reduce 53
	'-'  reduce 53
	'*'  reduce 53
	'/'  reduce 53
	'%'  reduce 53
	'>'  reduce 53
	'<'  reduce 53
	','  reduce 53
	';'  reduce 53
	')'  reduce 53
	']'  reduce 53
	':'  reduce 53
	'?'  reduce 53
	PCLONE  reduce 53


state 152
	Receiver : Expr . '.'  (42)
	LValue : Expr . '[' Expr ']'  (45)
	Expr : Expr . '+' Expr  (50)
	Expr : Expr . '-' Expr  (51)
	Expr : Expr . '*' Expr  (52)
	Expr : Expr . '/' Expr  (53)
	Expr : Expr . '%' Expr  (54)
	Expr : Expr '%' Expr .  (54)
	Expr : Expr . EQUAL Expr  (55)
	Expr : Expr . NOT_EQUAL Expr  (56)
	Expr : Expr . '<' Expr  (57)
	Expr : Expr . '>' Expr  (58)
	Expr : Expr . LESS_EQUAL Expr  (59)
	Expr : Expr . GREATER_EQUAL Expr  (60)
	Expr : Expr . AND Expr  (61)
	Expr : Expr . OR Expr  (62)
	Expr : Expr . '?' Expr ':' Expr  (73)
	Expr : Expr . PCLONE Expr  (74)

	'.'  shift 122
	'['  shift 123
	AND  reduce 54
	OR  reduce 54
	LESS_EQUAL  reduce 54
	GREATER_EQUAL  reduce 54
	EQUAL  reduce 54
	NOT_EQUAL  reduce 54
	'+'  reduce 54
	'-'  reduce 54
	'*'  reduce 54
	'/'  reduce 54
	'%'  reduce 54
	'>'  reduce 54
	'<'  reduce 54
	','  reduce 54
	';'  reduce 54
	')'  reduce 54
	']'  reduce 54
	':'  reduce 54
	'?'  reduce 54
	PCLONE  reduce 54


state 153
	Receiver : Expr . '.'  (42)
	LValue : Expr . '[' Expr ']'  (45)
	Expr : Expr . '+' Expr  (50)
	Expr : Expr . '-' Expr  (51)
	Expr : Expr . '*' Expr  (52)
	Expr : Expr . '/' Expr  (53)
	Expr : Expr . '%' Expr  (54)
	Expr : Expr . EQUAL Expr  (55)
	Expr : Expr . NOT_EQUAL Expr  (56)
	Expr : Expr . '<' Expr  (57)
	Expr : Expr . '>' Expr  (58)
	Expr : Expr '>' Expr .  (58)
	Expr : Expr . LESS_EQUAL Expr  (59)
	Expr : Expr . GREATER_EQUAL Expr  (60)
	Expr : Expr . AND Expr  (61)
	Expr : Expr . OR Expr  (62)
	Expr : Expr . '?' Expr ':' Expr  (73)
	Expr : Expr . PCLONE Expr  (74)

	'+'  shift 115
	'-'  shift 116
	'*'  shift 117
	'/'  shift 118
	'%'  shift 119
	'.'  shift 122
	'['  shift 123
	AND  reduce 58
	OR  reduce 58
	EQUAL  reduce 58
	NOT_EQUAL  reduce 58
	','  reduce 58
	';'  reduce 58
	')'  reduce 58
	']'  reduce 58
	':'  reduce 58
	'?'  reduce 58
	PCLONE  reduce 58


state 154
	Receiver : Expr . '.'  (42)
	LValue : Expr . '[' Expr ']'  (45)
	Expr : Expr . '+' Expr  (50)
	Expr : Expr . '-' Expr  (51)
	Expr : Expr . '*' Expr  (52)
	Expr : Expr . '/' Expr  (53)
	Expr : Expr . '%' Expr  (54)
	Expr : Expr . EQUAL Expr  (55)
	Expr : Expr . NOT_EQUAL Expr  (56)
	Expr : Expr . '<' Expr  (57)
	Expr : Expr '<' Expr .  (57)
	Expr : Expr . '>' Expr  (58)
	Expr : Expr . LESS_EQUAL Expr  (59)
	Expr : Expr . GREATER_EQUAL Expr  (60)
	Expr : Expr . AND Expr  (61)
	Expr : Expr . OR Expr  (62)
	Expr : Expr . '?' Expr ':' Expr  (73)
	Expr : Expr . PCLONE Expr  (74)

	'+'  shift 115
	'-'  shift 116
	'*'  shift 117
	'/'  shift 118
	'%'  shift 119
	'.'  shift 122
	'['  shift 123
	AND  reduce 57
	OR  reduce 57
	EQUAL  reduce 57
	NOT_EQUAL  reduce 57
	','  reduce 57
	';'  reduce 57
	')'  reduce 57
	']'  reduce 57
	':'  reduce 57
	'?'  reduce 57
	PCLONE  reduce 57


state 155
	Receiver : Expr . '.'  (42)
	LValue : Expr . '[' Expr ']'  (45)
	LValue : Expr '[' Expr . ']'  (45)
	Expr : Expr . '+' Expr  (50)
	Expr : Expr . '-' Expr  (51)
	Expr : Expr . '*' Expr  (52)
	Expr : Expr . '/' Expr  (53)
	Expr : Expr . '%' Expr  (54)
	Expr : Expr . EQUAL Expr  (55)
	Expr : Expr . NOT_EQUAL Expr  (56)
	Expr : Expr . '<' Expr  (57)
	Expr : Expr . '>' Expr  (58)
	Expr : Expr . LESS_EQUAL Expr  (59)
	Expr : Expr . GREATER_EQUAL Expr  (60)
	Expr : Expr . AND Expr  (61)
	Expr : Expr . OR Expr  (62)
	Expr : Expr . '?' Expr ':' Expr  (73)
	Expr : Expr . PCLONE Expr  (74)

	AND  shift 109
	OR  shift 110
	LESS_EQUAL  shift 111
	GREATER_EQUAL  shift 112
	EQUAL  shift 113
	NOT_EQUAL  shift 114
	'+'  shift 115
	'-'  shift 116
	'*'  shift 117
	'/'  shift 118
	'%'  shift 119
	'>'  shift 120
	'<'  shift 121
	'.'  shift 122
	'['  shift 123
	']'  shift 170
	'?'  shift 124
	PCLONE  shift 125
	.  error


state 156
	Receiver : Expr . '.'  (42)
	LValue : Expr . '[' Expr ']'  (45)
	Expr : Expr . '+' Expr  (50)
	Expr : Expr . '-' Expr  (51)
	Expr : Expr . '*' Expr  (52)
	Expr : Expr . '/' Expr  (53)
	Expr : Expr . '%' Expr  (54)
	Expr : Expr . EQUAL Expr  (55)
	Expr : Expr . NOT_EQUAL Expr  (56)
	Expr : Expr . '<' Expr  (57)
	Expr : Expr . '>' Expr  (58)
	Expr : Expr . LESS_EQUAL Expr  (59)
	Expr : Expr . GREATER_EQUAL Expr  (60)
	Expr : Expr . AND Expr  (61)
	Expr : Expr . OR Expr  (62)
	Expr : Expr . '?' Expr ':' Expr  (73)
	Expr : Expr '?' Expr . ':' Expr  (73)
	Expr : Expr . PCLONE Expr  (74)

	AND  shift 109
	OR  shift 110
	LESS_EQUAL  shift 111
	GREATER_EQUAL  shift 112
	EQUAL  shift 113
	NOT_EQUAL  shift 114
	'+'  shift 115
	'-'  shift 116
	'*'  shift 117
	'/'  shift 118
	'%'  shift 119
	'>'  shift 120
	'<'  shift 121
	'.'  shift 122
	'['  shift 123
	':'  shift 171
	'?'  shift 124
	PCLONE  shift 125
	.  error


state 157
	Receiver : Expr . '.'  (42)
	LValue : Expr . '[' Expr ']'  (45)
	Expr : Expr . '+' Expr  (50)
	Expr : Expr . '-' Expr  (51)
	Expr : Expr . '*' Expr  (52)
	Expr : Expr . '/' Expr  (53)
	Expr : Expr . '%' Expr  (54)
	Expr : Expr . EQUAL Expr  (55)
	Expr : Expr . NOT_EQUAL Expr  (56)
	Expr : Expr . '<' Expr  (57)
	Expr : Expr . '>' Expr  (58)
	Expr : Expr . LESS_EQUAL Expr  (59)
	Expr : Expr . GREATER_EQUAL Expr  (60)
	Expr : Expr . AND Expr  (61)
	Expr : Expr . OR Expr  (62)
	Expr : Expr . '?' Expr ':' Expr  (73)
	Expr : Expr . PCLONE Expr  (74)
	Expr : Expr PCLONE Expr .  (74)

	AND  shift 109
	OR  shift 110
	LESS_EQUAL  shift 111
	GREATER_EQUAL  shift 112
	EQUAL  shift 113
	NOT_EQUAL  shift 114
	'+'  shift 115
	'-'  shift 116
	'*'  shift 117
	'/'  shift 118
	'%'  shift 119
	'>'  shift 120
	'<'  shift 121
	'.'  shift 122
	'['  shift 123
	','  reduce 74
	';'  reduce 74
	')'  reduce 74
	']'  reduce 74
	':'  reduce 74
	'?'  reduce 74
	PCLONE  reduce 74


state 158
	Call : Receiver IDENTIFIER '(' . Actuals ')'  (46)
	Receiver : .  (43)
	Actuals : .  (78)

	NULL  shift 46
	THIS  shift 47
	NEW  shift 53
	READ_INTEGER  shift 55
	READ_LINE  shift 56
	LITERAL  shift 57
	INSTANCEOF  shift 58
	'-'  shift 62
	'!'  shift 63
	'('  shift 64
	IDENTIFIER  reduce 43
	')'  reduce 78

	LValue  goto 87
	Expr  goto 132
	Call  goto 89
	Receiver  goto 82
	Actuals  goto 172
	Constant  goto 83
	ExprList  goto 173


state 159
	WhileStmt : WHILE '(' Expr ')' . Stmt  (81)
	SimpleStmt : .  (41)
	Receiver : .  (43)

	VOID  shift 12
	BOOL  shift 13
	INT  shift 14
	STRING  shift 15
	CLASS  shift 16
	NULL  shift 46
	THIS  shift 47
	WHILE  shift 48
	FOR  shift 49
	IF  shift 50
	RETURN  shift 51
	BREAK  shift 52
	NEW  shift 53
	PRINT  shift 54
	READ_INTEGER  shift 55
	READ_LINE  shift 56
	LITERAL  shift 57
	INSTANCEOF  shift 58
	SWITCH  shift 59
	REPEAT  shift 60
	CONTINUE  shift 61
	'-'  shift 62
	'!'  shift 63
	'('  shift 64
	'{'  shift 41
	IDENTIFIER  reduce 43
	';'  reduce 41

	VariableDef  goto 66
	Variable  goto 20
	Type  goto 33
	StmtBlock  goto 67
	Stmt  goto 174
	SimpleStmt  goto 69
	IfStmt  goto 70
	WhileStmt  goto 71
	ForStmt  goto 72
	SwitchStmt  goto 73
	RepeatStmt  goto 74
	ReturnStmt  goto 75
	PrintStmt  goto 76
	BreakStmt  goto 77
	ContinueStmt  goto 78
	LValue  goto 79
	Expr  goto 80
	Call  goto 81
	Receiver  goto 82
	Constant  goto 83


state 160
	ForStmt : FOR '(' SimpleStmt ';' . Expr ';' SimpleStmt ')' Stmt  (82)
	Receiver : .  (43)

	NULL  shift 46
	THIS  shift 47
	NEW  shift 53
	READ_INTEGER  shift 55
	READ_LINE  shift 56
	LITERAL  shift 57
	INSTANCEOF  shift 58
	'-'  shift 62
	'!'  shift 63
	'('  shift 64
	IDENTIFIER  reduce 43

	LValue  goto 87
	Expr  goto 175
	Call  goto 89
	Receiver  goto 82
	Constant  goto 83


state 161
	IfStmt : IF '(' Expr ')' . Stmt ElseClause  (85)
	SimpleStmt : .  (41)
	Receiver : .  (43)

	VOID  shift 12
	BOOL  shift 13
	INT  shift 14
	STRING  shift 15
	CLASS  shift 16
	NULL  shift 46
	THIS  shift 47
	WHILE  shift 48
	FOR  shift 49
	IF  shift 50
	RETURN  shift 51
	BREAK  shift 52
	NEW  shift 53
	PRINT  shift 54
	READ_INTEGER  shift 55
	READ_LINE  shift 56
	LITERAL  shift 57
	INSTANCEOF  shift 58
	SWITCH  shift 59
	REPEAT  shift 60
	CONTINUE  shift 61
	'-'  shift 62
	'!'  shift 63
	'('  shift 64
	'{'  shift 41
	IDENTIFIER  reduce 43
	';'  reduce 41

	VariableDef  goto 66
	Variable  goto 20
	Type  goto 33
	StmtBlock  goto 67
	Stmt  goto 176
	SimpleStmt  goto 69
	IfStmt  goto 70
	WhileStmt  goto 71
	ForStmt  goto 72
	SwitchStmt  goto 73
	RepeatStmt  goto 74
	ReturnStmt  goto 75
	PrintStmt  goto 76
	BreakStmt  goto 77
	ContinueStmt  goto 78
	LValue  goto 79
	Expr  goto 80
	Call  goto 81
	Receiver  goto 82
	Constant  goto 83


state 162
	Expr : NEW IDENTIFIER '(' ')' .  (69)

	.  reduce 69


state 163
	Receiver : Expr . '.'  (42)
	LValue : Expr . '[' Expr ']'  (45)
	Expr : Expr . '+' Expr  (50)
	Expr : Expr . '-' Expr  (51)
	Expr : Expr . '*' Expr  (52)
	Expr : Expr . '/' Expr  (53)
	Expr : Expr . '%' Expr  (54)
	Expr : Expr . EQUAL Expr  (55)
	Expr : Expr . NOT_EQUAL Expr  (56)
	Expr : Expr . '<' Expr  (57)
	Expr : Expr . '>' Expr  (58)
	Expr : Expr . LESS_EQUAL Expr  (59)
	Expr : Expr . GREATER_EQUAL Expr  (60)
	Expr : Expr . AND Expr  (61)
	Expr : Expr . OR Expr  (62)
	Expr : NEW Type '[' Expr . ']'  (70)
	Expr : Expr . '?' Expr ':' Expr  (73)
	Expr : Expr . PCLONE Expr  (74)

	AND  shift 109
	OR  shift 110
	LESS_EQUAL  shift 111
	GREATER_EQUAL  shift 112
	EQUAL  shift 113
	NOT_EQUAL  shift 114
	'+'  shift 115
	'-'  shift 116
	'*'  shift 117
	'/'  shift 118
	'%'  shift 119
	'>'  shift 120
	'<'  shift 121
	'.'  shift 122
	'['  shift 123
	']'  shift 177
	'?'  shift 124
	PCLONE  shift 125
	.  error


state 164
	ExprList : ExprList ',' . Expr  (79)
	Receiver : .  (43)

	NULL  shift 46
	THIS  shift 47
	NEW  shift 53
	READ_INTEGER  shift 55
	READ_LINE  shift 56
	LITERAL  shift 57
	INSTANCEOF  shift 58
	'-'  shift 62
	'!'  shift 63
	'('  shift 64
	IDENTIFIER  reduce 43

	LValue  goto 87
	Expr  goto 178
	Call  goto 89
	Receiver  goto 82
	Constant  goto 83


state 165
	PrintStmt : PRINT '(' ExprList ')' .  (97)

	.  reduce 97


state 166
	Expr : INSTANCEOF '(' Expr ',' . IDENTIFIER ')'  (71)

	IDENTIFIER  shift 179
	.  error


state 167
	SwitchStmt : SWITCH '(' Expr ')' . '{' CaseStmtList DefaultStmt '}'  (86)

	'{'  shift 180
	.  error


state 168
	RepeatStmt : REPEAT StmtList UNTIL '(' . Expr ')'  (92)
	Receiver : .  (43)

	NULL  shift 46
	THIS  shift 47
	NEW  shift 53
	READ_INTEGER  shift 55
	READ_LINE  shift 56
	LITERAL  shift 57
	INSTANCEOF  shift 58
	'-'  shift 62
	'!'  shift 63
	'('  shift 64
	IDENTIFIER  reduce 43

	LValue  goto 87
	Expr  goto 181
	Call  goto 89
	Receiver  goto 82
	Constant  goto 83


state 169
	Expr : '(' CLASS IDENTIFIER ')' . Expr  (72)
	Receiver : .  (43)

	NULL  shift 46
	THIS  shift 47
	NEW  shift 53
	READ_INTEGER  shift 55
	READ_LINE  shift 56
	LITERAL  shift 57
	INSTANCEOF  shift 58
	'-'  shift 62
	'!'  shift 63
	'('  shift 64
	IDENTIFIER  reduce 43

	LValue  goto 87
	Expr  goto 182
	Call  goto 89
	Receiver  goto 82
	Constant  goto 83


state 170
	LValue : Expr '[' Expr ']' .  (45)

	.  reduce 45


state 171
	Expr : Expr '?' Expr ':' . Expr  (73)
	Receiver : .  (43)

	NULL  shift 46
	THIS  shift 47
	NEW  shift 53
	READ_INTEGER  shift 55
	READ_LINE  shift 56
	LITERAL  shift 57
	INSTANCEOF  shift 58
	'-'  shift 62
	'!'  shift 63
	'('  shift 64
	IDENTIFIER  reduce 43

	LValue  goto 87
	Expr  goto 183
	Call  goto 89
	Receiver  goto 82
	Constant  goto 83


state 172
	Call : Receiver IDENTIFIER '(' Actuals . ')'  (46)

	')'  shift 184
	.  error


state 173
	Actuals : ExprList .  (77)
	ExprList : ExprList . ',' Expr  (79)

	','  shift 164
	')'  reduce 77


state 174
	WhileStmt : WHILE '(' Expr ')' Stmt .  (81)

	.  reduce 81


state 175
	Receiver : Expr . '.'  (42)
	LValue : Expr . '[' Expr ']'  (45)
	Expr : Expr . '+' Expr  (50)
	Expr : Expr . '-' Expr  (51)
	Expr : Expr . '*' Expr  (52)
	Expr : Expr . '/' Expr  (53)
	Expr : Expr . '%' Expr  (54)
	Expr : Expr . EQUAL Expr  (55)
	Expr : Expr . NOT_EQUAL Expr  (56)
	Expr : Expr . '<' Expr  (57)
	Expr : Expr . '>' Expr  (58)
	Expr : Expr . LESS_EQUAL Expr  (59)
	Expr : Expr . GREATER_EQUAL Expr  (60)
	Expr : Expr . AND Expr  (61)
	Expr : Expr . OR Expr  (62)
	Expr : Expr . '?' Expr ':' Expr  (73)
	Expr : Expr . PCLONE Expr  (74)
	ForStmt : FOR '(' SimpleStmt ';' Expr . ';' SimpleStmt ')' Stmt  (82)

	AND  shift 109
	OR  shift 110
	LESS_EQUAL  shift 111
	GREATER_EQUAL  shift 112
	EQUAL  shift 113
	NOT_EQUAL  shift 114
	'+'  shift 115
	'-'  shift 116
	'*'  shift 117
	'/'  shift 118
	'%'  shift 119
	'>'  shift 120
	'<'  shift 121
	'.'  shift 122
	';'  shift 185
	'['  shift 123
	'?'  shift 124
	PCLONE  shift 125
	.  error


state 176
	IfStmt : IF '(' Expr ')' Stmt . ElseClause  (85)
	ElseClause : .  (94)

	ELSE  shift 186
	VOID  reduce 94
	BOOL  reduce 94
	INT  reduce 94
	STRING  reduce 94
	CLASS  reduce 94
	NULL  reduce 94
	THIS  reduce 94
	WHILE  reduce 94
	FOR  reduce 94
	IF  reduce 94
	RETURN  reduce 94
	BREAK  reduce 94
	NEW  reduce 94
	PRINT  reduce 94
	READ_INTEGER  reduce 94
	READ_LINE  reduce 94
	LITERAL  reduce 94
	IDENTIFIER  reduce 94
	INSTANCEOF  reduce 94
	SWITCH  reduce 94
	CASE  reduce 94
	DEFAULT  reduce 94
	REPEAT  reduce 94
	UNTIL  reduce 94
	CONTINUE  reduce 94
	'-'  reduce 94
	';'  reduce 94
	'!'  reduce 94
	'('  reduce 94
	'{'  reduce 94
	'}'  reduce 94

	ElseClause  goto 187


state 177
	Expr : NEW Type '[' Expr ']' .  (70)

	.  reduce 70


state 178
	Receiver : Expr . '.'  (42)
	LValue : Expr . '[' Expr ']'  (45)
	Expr : Expr . '+' Expr  (50)
	Expr : Expr . '-' Expr  (51)
	Expr : Expr . '*' Expr  (52)
	Expr : Expr . '/' Expr  (53)
	Expr : Expr . '%' Expr  (54)
	Expr : Expr . EQUAL Expr  (55)
	Expr : Expr . NOT_EQUAL Expr  (56)
	Expr : Expr . '<' Expr  (57)
	Expr : Expr . '>' Expr  (58)
	Expr : Expr . LESS_EQUAL Expr  (59)
	Expr : Expr . GREATER_EQUAL Expr  (60)
	Expr : Expr . AND Expr  (61)
	Expr : Expr . OR Expr  (62)
	Expr : Expr . '?' Expr ':' Expr  (73)
	Expr : Expr . PCLONE Expr  (74)
	ExprList : ExprList ',' Expr .  (79)

	AND  shift 109
	OR  shift 110
	LESS_EQUAL  shift 111
	GREATER_EQUAL  shift 112
	EQUAL  shift 113
	NOT_EQUAL  shift 114
	'+'  shift 115
	'-'  shift 116
	'*'  shift 117
	'/'  shift 118
	'%'  shift 119
	'>'  shift 120
	'<'  shift 121
	'.'  shift 122
	'['  shift 123
	'?'  shift 124
	PCLONE  shift 125
	','  reduce 79
	')'  reduce 79


state 179
	Expr : INSTANCEOF '(' Expr ',' IDENTIFIER . ')'  (71)

	')'  shift 188
	.  error


state 180
	SwitchStmt : SWITCH '(' Expr ')' '{' . CaseStmtList DefaultStmt '}'  (86)
	CaseStmtList : .  (88)

	.  reduce 88

	CaseStmtList  goto 189


state 181
	Receiver : Expr . '.'  (42)
	LValue : Expr . '[' Expr ']'  (45)
	Expr : Expr . '+' Expr  (50)
	Expr : Expr . '-' Expr  (51)
	Expr : Expr . '*' Expr  (52)
	Expr : Expr . '/' Expr  (53)
	Expr : Expr . '%' Expr  (54)
	Expr : Expr . EQUAL Expr  (55)
	Expr : Expr . NOT_EQUAL Expr  (56)
	Expr : Expr . '<' Expr  (57)
	Expr : Expr . '>' Expr  (58)
	Expr : Expr . LESS_EQUAL Expr  (59)
	Expr : Expr . GREATER_EQUAL Expr  (60)
	Expr : Expr . AND Expr  (61)
	Expr : Expr . OR Expr  (62)
	Expr : Expr . '?' Expr ':' Expr  (73)
	Expr : Expr . PCLONE Expr  (74)
	RepeatStmt : REPEAT StmtList UNTIL '(' Expr . ')'  (92)

	AND  shift 109
	OR  shift 110
	LESS_EQUAL  shift 111
	GREATER_EQUAL  shift 112
	EQUAL  shift 113
	NOT_EQUAL  shift 114
	'+'  shift 115
	'-'  shift 116
	'*'  shift 117
	'/'  shift 118
	'%'  shift 119
	'>'  shift 120
	'<'  shift 121
	'.'  shift 122
	')'  shift 190
	'['  shift 123
	'?'  shift 124
	PCLONE  shift 125
	.  error


state 182
	Receiver : Expr . '.'  (42)
	LValue : Expr . '[' Expr ']'  (45)
	Expr : Expr . '+' Expr  (50)
	Expr : Expr . '-' Expr  (51)
	Expr : Expr . '*' Expr  (52)
	Expr : Expr . '/' Expr  (53)
	Expr : Expr . '%' Expr  (54)
	Expr : Expr . EQUAL Expr  (55)
	Expr : Expr . NOT_EQUAL Expr  (56)
	Expr : Expr . '<' Expr  (57)
	Expr : Expr . '>' Expr  (58)
	Expr : Expr . LESS_EQUAL Expr  (59)
	Expr : Expr . GREATER_EQUAL Expr  (60)
	Expr : Expr . AND Expr  (61)
	Expr : Expr . OR Expr  (62)
	Expr : '(' CLASS IDENTIFIER ')' Expr .  (72)
	Expr : Expr . '?' Expr ':' Expr  (73)
	Expr : Expr . PCLONE Expr  (74)

	.  reduce 72


state 183
	Receiver : Expr . '.'  (42)
	LValue : Expr . '[' Expr ']'  (45)
	Expr : Expr . '+' Expr  (50)
	Expr : Expr . '-' Expr  (51)
	Expr : Expr . '*' Expr  (52)
	Expr : Expr . '/' Expr  (53)
	Expr : Expr . '%' Expr  (54)
	Expr : Expr . EQUAL Expr  (55)
	Expr : Expr . NOT_EQUAL Expr  (56)
	Expr : Expr . '<' Expr  (57)
	Expr : Expr . '>' Expr  (58)
	Expr : Expr . LESS_EQUAL Expr  (59)
	Expr : Expr . GREATER_EQUAL Expr  (60)
	Expr : Expr . AND Expr  (61)
	Expr : Expr . OR Expr  (62)
	Expr : Expr . '?' Expr ':' Expr  (73)
	Expr : Expr '?' Expr ':' Expr .  (73)
	Expr : Expr . PCLONE Expr  (74)

	AND  shift 109
	OR  shift 110
	LESS_EQUAL  shift 111
	GREATER_EQUAL  shift 112
	EQUAL  shift 113
	NOT_EQUAL  shift 114
	'+'  shift 115
	'-'  shift 116
	'*'  shift 117
	'/'  shift 118
	'%'  shift 119
	'>'  shift 120
	'<'  shift 121
	'.'  shift 122
	'['  shift 123
	'?'  shift 124
	PCLONE  shift 125
	','  reduce 73
	';'  reduce 73
	')'  reduce 73
	']'  reduce 73
	':'  reduce 73


state 184
	Call : Receiver IDENTIFIER '(' Actuals ')' .  (46)

	.  reduce 46


state 185
	ForStmt : FOR '(' SimpleStmt ';' Expr ';' . SimpleStmt ')' Stmt  (82)
	SimpleStmt : .  (41)
	Receiver : .  (43)

	NULL  shift 46
	THIS  shift 47
	NEW  shift 53
	READ_INTEGER  shift 55
	READ_LINE  shift 56
	LITERAL  shift 57
	INSTANCEOF  shift 58
	'-'  shift 62
	'!'  shift 63
	'('  shift 64
	IDENTIFIER  reduce 43
	')'  reduce 41

	SimpleStmt  goto 191
	LValue  goto 79
	Expr  goto 80
	Call  goto 81
	Receiver  goto 82
	Constant  goto 83


state 186
	ElseClause : ELSE . Stmt  (93)
	SimpleStmt : .  (41)
	Receiver : .  (43)

	VOID  shift 12
	BOOL  shift 13
	INT  shift 14
	STRING  shift 15
	CLASS  shift 16
	NULL  shift 46
	THIS  shift 47
	WHILE  shift 48
	FOR  shift 49
	IF  shift 50
	RETURN  shift 51
	BREAK  shift 52
	NEW  shift 53
	PRINT  shift 54
	READ_INTEGER  shift 55
	READ_LINE  shift 56
	LITERAL  shift 57
	INSTANCEOF  shift 58
	SWITCH  shift 59
	REPEAT  shift 60
	CONTINUE  shift 61
	'-'  shift 62
	'!'  shift 63
	'('  shift 64
	'{'  shift 41
	IDENTIFIER  reduce 43
	';'  reduce 41

	VariableDef  goto 66
	Variable  goto 20
	Type  goto 33
	StmtBlock  goto 67
	Stmt  goto 192
	SimpleStmt  goto 69
	IfStmt  goto 70
	WhileStmt  goto 71
	ForStmt  goto 72
	SwitchStmt  goto 73
	RepeatStmt  goto 74
	ReturnStmt  goto 75
	PrintStmt  goto 76
	BreakStmt  goto 77
	ContinueStmt  goto 78
	LValue  goto 79
	Expr  goto 80
	Call  goto 81
	Receiver  goto 82
	Constant  goto 83


state 187
	IfStmt : IF '(' Expr ')' Stmt ElseClause .  (85)

	.  reduce 85


state 188
	Expr : INSTANCEOF '(' Expr ',' IDENTIFIER ')' .  (71)

	.  reduce 71


state 189
	SwitchStmt : SWITCH '(' Expr ')' '{' CaseStmtList . DefaultStmt '}'  (86)
	CaseStmtList : CaseStmtList . CaseStmt  (87)
	DefaultStmt : .  (91)

	CASE  shift 193
	DEFAULT  shift 194
	'}'  reduce 91

	DefaultStmt  goto 195
	CaseStmt  goto 196


state 190
	RepeatStmt : REPEAT StmtList UNTIL '(' Expr ')' .  (92)

	.  reduce 92


state 191
	ForStmt : FOR '(' SimpleStmt ';' Expr ';' SimpleStmt . ')' Stmt  (82)

	')'  shift 197
	.  error


state 192
	ElseClause : ELSE Stmt .  (93)

	.  reduce 93


state 193
	CaseStmt : CASE . Constant ':' StmtList  (89)

	NULL  shift 46
	LITERAL  shift 57
	.  error

	Constant  goto 198


state 194
	DefaultStmt : DEFAULT . ':' StmtList  (90)

	':'  shift 199
	.  error


state 195
	SwitchStmt : SWITCH '(' Expr ')' '{' CaseStmtList DefaultStmt . '}'  (86)

	'}'  shift 200
	.  error


state 196
	CaseStmtList : CaseStmtList CaseStmt .  (87)

	.  reduce 87


state 197
	ForStmt : FOR '(' SimpleStmt ';' Expr ';' SimpleStmt ')' . Stmt  (82)
	SimpleStmt : .  (41)
	Receiver : .  (43)

	VOID  shift 12
	BOOL  shift 13
	INT  shift 14
	STRING  shift 15
	CLASS  shift 16
	NULL  shift 46
	THIS  shift 47
	WHILE  shift 48
	FOR  shift 49
	IF  shift 50
	RETURN  shift 51
	BREAK  shift 52
	NEW  shift 53
	PRINT  shift 54
	READ_INTEGER  shift 55
	READ_LINE  shift 56
	LITERAL  shift 57
	INSTANCEOF  shift 58
	SWITCH  shift 59
	REPEAT  shift 60
	CONTINUE  shift 61
	'-'  shift 62
	'!'  shift 63
	'('  shift 64
	'{'  shift 41
	IDENTIFIER  reduce 43
	';'  reduce 41

	VariableDef  goto 66
	Variable  goto 20
	Type  goto 33
	StmtBlock  goto 67
	Stmt  goto 201
	SimpleStmt  goto 69
	IfStmt  goto 70
	WhileStmt  goto 71
	ForStmt  goto 72
	SwitchStmt  goto 73
	RepeatStmt  goto 74
	ReturnStmt  goto 75
	PrintStmt  goto 76
	BreakStmt  goto 77
	ContinueStmt  goto 78
	LValue  goto 79
	Expr  goto 80
	Call  goto 81
	Receiver  goto 82
	Constant  goto 83


state 198
	CaseStmt : CASE Constant . ':' StmtList  (89)

	':'  shift 202
	.  error


state 199
	DefaultStmt : DEFAULT ':' . StmtList  (90)
	StmtList : .  (26)

	.  reduce 26

	StmtList  goto 203


state 200
	SwitchStmt : SWITCH '(' Expr ')' '{' CaseStmtList DefaultStmt '}' .  (86)

	.  reduce 86


state 201
	ForStmt : FOR '(' SimpleStmt ';' Expr ';' SimpleStmt ')' Stmt .  (82)

	.  reduce 82


state 202
	CaseStmt : CASE Constant ':' . StmtList  (89)
	StmtList : .  (26)

	.  reduce 26

	StmtList  goto 204


state 203
	StmtList : StmtList . Stmt  (25)
	DefaultStmt : DEFAULT ':' StmtList .  (90)
	SimpleStmt : .  (41)
	Receiver : .  (43)

	VOID  shift 12
	BOOL  shift 13
	INT  shift 14
	STRING  shift 15
	CLASS  shift 16
	NULL  shift 46
	THIS  shift 47
	WHILE  shift 48
	FOR  shift 49
	IF  shift 50
	RETURN  shift 51
	BREAK  shift 52
	NEW  shift 53
	PRINT  shift 54
	READ_INTEGER  shift 55
	READ_LINE  shift 56
	LITERAL  shift 57
	INSTANCEOF  shift 58
	SWITCH  shift 59
	REPEAT  shift 60
	CONTINUE  shift 61
	'-'  shift 62
	'!'  shift 63
	'('  shift 64
	'{'  shift 41
	IDENTIFIER  reduce 43
	';'  reduce 41
	'}'  reduce 90

	VariableDef  goto 66
	Variable  goto 20
	Type  goto 33
	StmtBlock  goto 67
	Stmt  goto 68
	SimpleStmt  goto 69
	IfStmt  goto 70
	WhileStmt  goto 71
	ForStmt  goto 72
	SwitchStmt  goto 73
	RepeatStmt  goto 74
	ReturnStmt  goto 75
	PrintStmt  goto 76
	BreakStmt  goto 77
	ContinueStmt  goto 78
	LValue  goto 79
	Expr  goto 80
	Call  goto 81
	Receiver  goto 82
	Constant  goto 83


state 204
	StmtList : StmtList . Stmt  (25)
	CaseStmt : CASE Constant ':' StmtList .  (89)
	SimpleStmt : .  (41)
	Receiver : .  (43)

	VOID  shift 12
	BOOL  shift 13
	INT  shift 14
	STRING  shift 15
	CLASS  shift 16
	NULL  shift 46
	THIS  shift 47
	WHILE  shift 48
	FOR  shift 49
	IF  shift 50
	RETURN  shift 51
	BREAK  shift 52
	NEW  shift 53
	PRINT  shift 54
	READ_INTEGER  shift 55
	READ_LINE  shift 56
	LITERAL  shift 57
	INSTANCEOF  shift 58
	SWITCH  shift 59
	REPEAT  shift 60
	CONTINUE  shift 61
	'-'  shift 62
	'!'  shift 63
	'('  shift 64
	'{'  shift 41
	IDENTIFIER  reduce 43
	CASE  reduce 89
	DEFAULT  reduce 89
	';'  reduce 41
	'}'  reduce 89

	VariableDef  goto 66
	Variable  goto 20
	Type  goto 33
	StmtBlock  goto 67
	Stmt  goto 68
	SimpleStmt  goto 69
	IfStmt  goto 70
	WhileStmt  goto 71
	ForStmt  goto 72
	SwitchStmt  goto 73
	RepeatStmt  goto 74
	ReturnStmt  goto 75
	PrintStmt  goto 76
	BreakStmt  goto 77
	ContinueStmt  goto 78
	LValue  goto 79
	Expr  goto 80
	Call  goto 81
	Receiver  goto 82
	Constant  goto 83


60 terminals, 36 nonterminals
98 grammar rules, 205 states
