Single button test
|length |fft-result |fft-time |grt-result |grt-time |time ratio |
| ----  |   ----    |   ----  |   ----    |   ----  |    ----   |
|25695  |     0     |0.002852 |     0     |0.001258 | 2.267032  |
|14988  |     1     |0.000599 |     1     |0.000753 | 0.796466  |
|19985  |     2     |0.004619 |     2     |0.001288 | 3.586335  |
|19271  |     3     |0.001731 |     3     |0.000950 | 1.822278  |
|19985  |     4     |0.001775 |     4     |0.001007 | 1.762288  |
|23018  |     5     |0.002294 |     5     |0.001170 | 1.959672  |
|19271  |     6     |0.001924 |     6     |0.000983 | 1.956478  |
|23018  |     7     |0.000978 |     7     |0.001117 | 0.875862  |
|18736  |     8     |0.000715 |     8     |0.001087 | 0.657708  |
|22483  |     9     |0.002365 |     9     |0.001126 | 2.100906  |
|23019  |     *     |0.002585 |     *     |0.001172 | 2.205220  |
|24625  |     #     |0.002101 |     #     |0.001710 | 1.228426  |
telephone number
FFT time_cost: 0.034963 s
ans: ---8-22-1177-5-6699-0-99-99
Goertzel time_cost: 0.021653 s
ans: 1--8-22-1177-5-6699-0099-99
