[0][0][0][0] = 25/24
[0][0][0][1] = 101/95
[0][0][0][2] = 51/47
[0][0][0][3] = 103/93
[0][0][1][0] = 101/95
[0][0][1][1] = 51/47
[0][0][1][2] = 103/93
[0][0][1][3] = 26/23
[0][1][0][0] = 101/95
[0][1][0][1] = 51/47
[0][1][0][2] = 103/93
[0][1][0][3] = 26/23
[0][1][1][0] = 51/47
[0][1][1][1] = 103/93
[0][1][1][2] = 26/23
[0][1][1][3] = 15/13
[0][2][0][0] = 51/47
[0][2][0][1] = 103/93
[0][2][0][2] = 26/23
[0][2][0][3] = 15/13
[0][2][1][0] = 103/93
[0][2][1][1] = 26/23
[0][2][1][2] = 15/13
[0][2][1][3] = 53/45
[1][0][0][0] = 101/95
[1][0][0][1] = 51/47
[1][0][0][2] = 103/93
[1][0][0][3] = 26/23
[1][0][1][0] = 51/47
[1][0][1][1] = 103/93
[1][0][1][2] = 26/23
[1][0][1][3] = 15/13
[1][1][0][0] = 51/47
[1][1][0][1] = 103/93
[1][1][0][2] = 26/23
[1][1][0][3] = 15/13
[1][1][1][0] = 103/93
[1][1][1][1] = 26/23
[1][1][1][2] = 15/13
[1][1][1][3] = 53/45
[1][2][0][0] = 103/93
[1][2][0][1] = 26/23
[1][2][0][2] = 15/13
[1][2][0][3] = 53/45
[1][2][1][0] = 26/23
[1][2][1][1] = 15/13
[1][2][1][2] = 53/45
[1][2][1][3] = 107/89

[0][0][0] = 11
[0][1][0] = 2
[1][0][0] = 3
[1][1][0] = 4
[2][0][0] = 5
[2][1][0] = 6
[3][0][0] = 7
[3][1][0] = 18
[4][0][0] = 9
[4][1][0] = 10
[5][0][0] = 11
[5][1][0] = 12

[0][0][0][0] = 25/24
[0][0][0][1] = 101/95
[0][0][0][2] = 51/47
[0][0][0][3] = 103/93
[0][0][1][0] = 101/95
[0][0][1][1] = 51/47
[0][0][1][2] = 103/93
[0][0][1][3] = 26/23
[0][0][2][0] = 1/0
[0][0][2][1] = 1/0
[0][0][2][2] = 1/0
[0][0][2][3] = 1/0
[0][1][0][0] = 101/95
[0][1][0][1] = 51/47
[0][1][0][2] = 103/93
[0][1][0][3] = 26/23
[0][1][1][0] = 51/47
[0][1][1][1] = 103/93
[0][1][1][2] = 26/23
[0][1][1][3] = 15/13
[0][1][2][0] = 1/0
[0][1][2][1] = 1/0
[0][1][2][2] = 1/0
[0][1][2][3] = 1/0
[0][2][0][0] = 51/47
[0][2][0][1] = 103/93
[0][2][0][2] = 26/23
[0][2][0][3] = 15/13
[0][2][1][0] = 103/93
[0][2][1][1] = 26/23
[0][2][1][2] = 15/13
[0][2][1][3] = 53/45
[0][2][2][0] = 1/0
[0][2][2][1] = 1/0
[0][2][2][2] = 1/0
[0][2][2][3] = 1/0
[1][0][0][0] = 101/95
[1][0][0][1] = 51/47
[1][0][0][2] = 103/93
[1][0][0][3] = 26/23
[1][0][1][0] = 51/47
[1][0][1][1] = 103/93
[1][0][1][2] = 26/23
[1][0][1][3] = 15/13
[1][0][2][0] = 1/0
[1][0][2][1] = 1/0
[1][0][2][2] = 1/0
[1][0][2][3] = 1/0
[1][1][0][0] = 51/47
[1][1][0][1] = 103/93
[1][1][0][2] = 26/23
[1][1][0][3] = 15/13
[1][1][1][0] = 103/93
[1][1][1][1] = 26/23
[1][1][1][2] = 15/13
[1][1][1][3] = 53/45
[1][1][2][0] = 1/0
[1][1][2][1] = 1/0
[1][1][2][2] = 1/0
[1][1][2][3] = 1/0
[1][2][0][0] = 103/93
[1][2][0][1] = 26/23
[1][2][0][2] = 15/13
[1][2][0][3] = 53/45
[1][2][1][0] = 26/23
[1][2][1][1] = 15/13
[1][2][1][2] = 53/45
[1][2][1][3] = 107/89
[1][2][2][0] = 1/0
[1][2][2][1] = 1/0
[1][2][2][2] = 1/0
[1][2][2][3] = 1/0
