Flow report for openmips_min_sopc
Thu Jul 31 16:53:38 2014
Quartus II Version 10.1 Build 197 01/19/2011 Service Pack 1 SJ Full Version


---------------------
; Table of Contents ;
---------------------
  1. Legal Notice
  2. Flow Summary
  3. Flow Settings
  4. Flow Non-Default Global Settings
  5. Flow Elapsed Time
  6. Flow OS Summary
  7. Flow Log



----------------
; Legal Notice ;
----------------
Copyright (C) 1991-2011 Altera Corporation
Your use of Altera Corporation's design tools, logic functions 
and other software and tools, and its AMPP partner logic 
functions, and any output files from any of the foregoing 
(including device programming or simulation files), and any 
associated documentation or information are expressly subject 
to the terms and conditions of the Altera Program License 
Subscription Agreement, Altera MegaCore Function License 
Agreement, or other applicable license agreement, including, 
without limitation, that your use is for the sole purpose of 
programming logic devices manufactured by Altera and sold by 
Altera or its authorized distributors.  Please refer to the 
applicable agreement for further details.



+-------------------------------------------------------------------------------------+
; Flow Summary                                                                        ;
+------------------------------------+------------------------------------------------+
; Flow Status                        ; Successful - Thu Jul 31 16:53:15 2014          ;
; Quartus II Version                 ; 10.1 Build 197 01/19/2011 SP 1 SJ Full Version ;
; Revision Name                      ; openmips_min_sopc                              ;
; Top-level Entity Name              ; openmips_min_sopc                              ;
; Family                             ; Cyclone II                                     ;
; Device                             ; EP2C35F672C6                                   ;
; Timing Models                      ; Final                                          ;
; Total logic elements               ; 10,861 / 33,216 ( 33 % )                       ;
;     Total combinational functions  ; 10,302 / 33,216 ( 31 % )                       ;
;     Dedicated logic registers      ; 4,363 / 33,216 ( 13 % )                        ;
; Total registers                    ; 4363                                           ;
; Total pins                         ; 125 / 475 ( 26 % )                             ;
; Total virtual pins                 ; 0                                              ;
; Total memory bits                  ; 256 / 483,840 ( < 1 % )                        ;
; Embedded Multiplier 9-bit elements ; 8 / 70 ( 11 % )                                ;
; Total PLLs                         ; 0 / 4 ( 0 % )                                  ;
+------------------------------------+------------------------------------------------+


+-----------------------------------------+
; Flow Settings                           ;
+-------------------+---------------------+
; Option            ; Setting             ;
+-------------------+---------------------+
; Start date & time ; 07/31/2014 16:47:48 ;
; Main task         ; Compilation         ;
; Revision Name     ; openmips_min_sopc   ;
+-------------------+---------------------+


+-----------------------------------------------------------------------------------------------------------------------------------------------------------+
; Flow Non-Default Global Settings                                                                                                                          ;
+-------------------------------------+--------------------------------------------------------------------------+---------------+-------------+------------+
; Assignment Name                     ; Value                                                                    ; Default Value ; Entity Name ; Section Id ;
+-------------------------------------+--------------------------------------------------------------------------+---------------+-------------+------------+
; COMPILER_SIGNATURE_ID               ; 147626318716.140679646403564                                             ; --            ; --          ; --         ;
; MAX_CORE_JUNCTION_TEMP              ; 85                                                                       ; --            ; --          ; --         ;
; MIN_CORE_JUNCTION_TEMP              ; 0                                                                        ; --            ; --          ; --         ;
; MISC_FILE                           ; F:/VerilogHDL/OpenMIPS/Chapter14/openmips_min_sopc/openmips_min_sopc.dpf ; --            ; --          ; --         ;
; PARTITION_COLOR                     ; 16764057                                                                 ; --            ; --          ; Top        ;
; PARTITION_FITTER_PRESERVATION_LEVEL ; PLACEMENT_AND_ROUTING                                                    ; --            ; --          ; Top        ;
; PARTITION_NETLIST_TYPE              ; SOURCE                                                                   ; --            ; --          ; Top        ;
+-------------------------------------+--------------------------------------------------------------------------+---------------+-------------+------------+


+-------------------------------------------------------------------------------------------------------------------------------+
; Flow Elapsed Time                                                                                                             ;
+---------------------------+--------------+-------------------------+---------------------+------------------------------------+
; Module Name               ; Elapsed Time ; Average Processors Used ; Peak Virtual Memory ; Total CPU Time (on all processors) ;
+---------------------------+--------------+-------------------------+---------------------+------------------------------------+
; Analysis & Synthesis      ; 00:02:33     ; 1.0                     ; 297 MB              ; 00:02:26                           ;
; Fitter                    ; 00:02:28     ; 1.2                     ; 396 MB              ; 00:02:32                           ;
; Assembler                 ; 00:00:10     ; 1.0                     ; 275 MB              ; 00:00:05                           ;
; TimeQuest Timing Analyzer ; 00:00:35     ; 1.5                     ; 318 MB              ; 00:00:29                           ;
; Total                     ; 00:05:46     ; --                      ; --                  ; 00:05:32                           ;
+---------------------------+--------------+-------------------------+---------------------+------------------------------------+


+-----------------------------------------------------------------------------------------+
; Flow OS Summary                                                                         ;
+---------------------------+------------------+------------+------------+----------------+
; Module Name               ; Machine Hostname ; OS Name    ; OS Version ; Processor type ;
+---------------------------+------------------+------------+------------+----------------+
; Analysis & Synthesis      ; 3bf38faf61de431  ; Windows XP ; 5.1        ; i686           ;
; Fitter                    ; 3bf38faf61de431  ; Windows XP ; 5.1        ; i686           ;
; Assembler                 ; 3bf38faf61de431  ; Windows XP ; 5.1        ; i686           ;
; TimeQuest Timing Analyzer ; 3bf38faf61de431  ; Windows XP ; 5.1        ; i686           ;
+---------------------------+------------------+------------+------------+----------------+


------------
; Flow Log ;
------------
quartus_map --read_settings_files=on --write_settings_files=off openmips_min_sopc -c openmips_min_sopc
quartus_fit --read_settings_files=off --write_settings_files=off openmips_min_sopc -c openmips_min_sopc
quartus_asm --read_settings_files=off --write_settings_files=off openmips_min_sopc -c openmips_min_sopc
quartus_sta openmips_min_sopc -c openmips_min_sopc



